2025-06-14 20:43:19 [background-preinit] INFO  [o.h.validator.internal.util.Version] - HV000001: Hibernate Validator 8.0.2.Final
2025-06-14 20:43:19 [main] INFO  [c.s.t.TaskManagerApplication] - Starting TaskManagerApplication using Java 17.0.13 with PID 41477 (/Users/fivesmac/Documents/Personal/task-manager/target/classes started by fivesmac in /Users/fivesmac/Documents/Personal/task-manager)
2025-06-14 20:43:19 [main] INFO  [c.s.t.TaskManagerApplication] - The following 1 profile is active: "dev"
2025-06-14 20:43:20 [main] INFO  [o.s.d.r.c.RepositoryConfigurationDelegate] - Bootstrapping Spring Data JPA repositories in DEFAULT mode.
2025-06-14 20:43:20 [main] INFO  [o.s.d.r.c.RepositoryConfigurationDelegate] - Finished Spring Data repository scanning in 40 ms. Found 1 JPA repository interface.
2025-06-14 20:43:20 [main] INFO  [o.s.b.w.e.tomcat.TomcatWebServer] - Tomcat initialized with port 8080 (http)
2025-06-14 20:43:20 [main] INFO  [o.a.coyote.http11.Http11NioProtocol] - Initializing ProtocolHandler ["http-nio-8080"]
2025-06-14 20:43:20 [main] INFO  [o.a.catalina.core.StandardService] - Starting service [Tomcat]
2025-06-14 20:43:20 [main] INFO  [o.a.catalina.core.StandardEngine] - Starting Servlet engine: [Apache Tomcat/10.1.41]
2025-06-14 20:43:20 [main] INFO  [o.a.c.c.C.[Tomcat].[localhost].[/]] - Initializing Spring embedded WebApplicationContext
2025-06-14 20:43:20 [main] INFO  [o.s.b.w.s.c.ServletWebServerApplicationContext] - Root WebApplicationContext: initialization completed in 1409 ms
2025-06-14 20:43:21 [main] DEBUG [o.s.w.f.ServerHttpObservationFilter] - Filter 'webMvcObservationFilter' configured for use
2025-06-14 20:43:21 [main] INFO  [o.h.jpa.internal.util.LogHelper] - HHH000204: Processing PersistenceUnitInfo [name: default]
2025-06-14 20:43:21 [main] INFO  [org.hibernate.Version] - HHH000412: Hibernate ORM core version 6.6.15.Final
2025-06-14 20:43:21 [main] INFO  [o.h.c.i.RegionFactoryInitiator] - HHH000026: Second-level cache disabled
2025-06-14 20:43:21 [main] INFO  [o.s.o.j.p.SpringPersistenceUnitInfo] - No LoadTimeWeaver setup: ignoring JPA class transformer
2025-06-14 20:43:21 [main] INFO  [com.zaxxer.hikari.HikariDataSource] - HikariPool-1 - Starting...
2025-06-14 20:43:21 [main] INFO  [com.zaxxer.hikari.pool.HikariPool] - HikariPool-1 - Added connection org.postgresql.jdbc.PgConnection@6550ce46
2025-06-14 20:43:21 [main] INFO  [com.zaxxer.hikari.HikariDataSource] - HikariPool-1 - Start completed.
2025-06-14 20:43:21 [main] INFO  [o.hibernate.orm.connections.pooling] - HHH10001005: Database info:
	Database JDBC URL [Connecting through datasource 'HikariDataSource (HikariPool-1)']
	Database driver: undefined/unknown
	Database version: 15.13
	Autocommit mode: undefined/unknown
	Isolation level: undefined/unknown
	Minimum pool size: undefined/unknown
	Maximum pool size: undefined/unknown
2025-06-14 20:43:22 [main] INFO  [o.h.e.t.j.p.i.JtaPlatformInitiator] - HHH000489: No JTA platform available (set 'hibernate.transaction.jta.platform' to enable JTA platform integration)
2025-06-14 20:43:22 [main] DEBUG [org.hibernate.SQL] - 
    create table users (
        user_id bigint generated by default as identity,
        created_at timestamp(6) not null,
        email varchar(100) not null,
        first_name varchar(50) not null,
        is_active boolean not null,
        is_email_verified boolean not null,
        last_login timestamp(6),
        last_name varchar(50) not null,
        password varchar(255) not null,
        phone_number varchar(20),
        role varchar(255) not null check (role in ('ADMIN','MANAGER','USER','GUEST')),
        updated_at timestamp(6) not null,
        username varchar(50) not null,
        primary key (user_id)
    )
2025-06-14 20:43:22 [main] DEBUG [org.hibernate.SQL] - 
    alter table if exists users 
       drop constraint if exists UKr43af9ap4edm43mmtq01oddj6
2025-06-14 20:43:22 [main] WARN  [o.h.e.jdbc.spi.SqlExceptionHelper] - SQL Warning Code: 0, SQLState: 00000
2025-06-14 20:43:22 [main] WARN  [o.h.e.jdbc.spi.SqlExceptionHelper] - constraint "ukr43af9ap4edm43mmtq01oddj6" of relation "users" does not exist, skipping
2025-06-14 20:43:22 [main] DEBUG [org.hibernate.SQL] - 
    alter table if exists users 
       add constraint UKr43af9ap4edm43mmtq01oddj6 unique (username)
2025-06-14 20:43:22 [main] DEBUG [org.hibernate.SQL] - 
    alter table if exists users 
       drop constraint if exists UK6dotkott2kjsp8vw4d0m25fb7
2025-06-14 20:43:22 [main] WARN  [o.h.e.jdbc.spi.SqlExceptionHelper] - SQL Warning Code: 0, SQLState: 00000
2025-06-14 20:43:22 [main] WARN  [o.h.e.jdbc.spi.SqlExceptionHelper] - constraint "uk6dotkott2kjsp8vw4d0m25fb7" of relation "users" does not exist, skipping
2025-06-14 20:43:22 [main] DEBUG [org.hibernate.SQL] - 
    alter table if exists users 
       add constraint UK6dotkott2kjsp8vw4d0m25fb7 unique (email)
2025-06-14 20:43:22 [main] INFO  [o.s.o.j.LocalContainerEntityManagerFactoryBean] - Initialized JPA EntityManagerFactory for persistence unit 'default'
2025-06-14 20:43:22 [main] WARN  [o.s.b.w.s.c.AnnotationConfigServletWebServerApplicationContext] - Exception encountered during context initialization - cancelling refresh attempt: org.springframework.beans.factory.UnsatisfiedDependencyException: Error creating bean with name 'userController' defined in file [/Users/fivesmac/Documents/Personal/task-manager/target/classes/com/sourabh/task_manager/controller/UserController.class]: Unsatisfied dependency expressed through constructor parameter 0: No qualifying bean of type 'com.sourabh.task_manager.service.UserService' available: expected at least 1 bean which qualifies as autowire candidate. Dependency annotations: {}
2025-06-14 20:43:22 [main] INFO  [o.s.o.j.LocalContainerEntityManagerFactoryBean] - Closing JPA EntityManagerFactory for persistence unit 'default'
2025-06-14 20:43:22 [main] INFO  [com.zaxxer.hikari.HikariDataSource] - HikariPool-1 - Shutdown initiated...
2025-06-14 20:43:22 [main] INFO  [com.zaxxer.hikari.HikariDataSource] - HikariPool-1 - Shutdown completed.
2025-06-14 20:43:22 [main] INFO  [o.a.catalina.core.StandardService] - Stopping service [Tomcat]
2025-06-14 20:43:22 [main] INFO  [o.s.b.a.l.ConditionEvaluationReportLogger] - 

Error starting ApplicationContext. To display the condition evaluation report re-run your application with 'debug' enabled.
2025-06-14 20:43:22 [main] ERROR [o.s.b.d.LoggingFailureAnalysisReporter] - 

***************************
APPLICATION FAILED TO START
***************************

Description:

Parameter 0 of constructor in com.sourabh.task_manager.controller.UserController required a bean of type 'com.sourabh.task_manager.service.UserService' that could not be found.


Action:

Consider defining a bean of type 'com.sourabh.task_manager.service.UserService' in your configuration.

2025-06-14 20:45:26 [background-preinit] INFO  [o.h.validator.internal.util.Version] - HV000001: Hibernate Validator 8.0.2.Final
2025-06-14 20:45:26 [main] INFO  [c.s.t.TaskManagerApplication] - Starting TaskManagerApplication using Java 17.0.13 with PID 41587 (/Users/fivesmac/Documents/Personal/task-manager/target/classes started by fivesmac in /Users/fivesmac/Documents/Personal/task-manager)
2025-06-14 20:45:26 [main] INFO  [c.s.t.TaskManagerApplication] - The following 1 profile is active: "dev"
2025-06-14 20:45:27 [main] INFO  [o.s.d.r.c.RepositoryConfigurationDelegate] - Bootstrapping Spring Data JPA repositories in DEFAULT mode.
2025-06-14 20:45:27 [main] INFO  [o.s.d.r.c.RepositoryConfigurationDelegate] - Finished Spring Data repository scanning in 34 ms. Found 1 JPA repository interface.
2025-06-14 20:45:27 [main] INFO  [o.s.b.w.e.tomcat.TomcatWebServer] - Tomcat initialized with port 8080 (http)
2025-06-14 20:45:27 [main] INFO  [o.a.coyote.http11.Http11NioProtocol] - Initializing ProtocolHandler ["http-nio-8080"]
2025-06-14 20:45:27 [main] INFO  [o.a.catalina.core.StandardService] - Starting service [Tomcat]
2025-06-14 20:45:27 [main] INFO  [o.a.catalina.core.StandardEngine] - Starting Servlet engine: [Apache Tomcat/10.1.41]
2025-06-14 20:45:28 [main] INFO  [o.a.c.c.C.[Tomcat].[localhost].[/]] - Initializing Spring embedded WebApplicationContext
2025-06-14 20:45:28 [main] INFO  [o.s.b.w.s.c.ServletWebServerApplicationContext] - Root WebApplicationContext: initialization completed in 1348 ms
2025-06-14 20:45:28 [main] DEBUG [o.s.w.f.ServerHttpObservationFilter] - Filter 'webMvcObservationFilter' configured for use
2025-06-14 20:45:28 [main] INFO  [o.h.jpa.internal.util.LogHelper] - HHH000204: Processing PersistenceUnitInfo [name: default]
2025-06-14 20:45:28 [main] INFO  [org.hibernate.Version] - HHH000412: Hibernate ORM core version 6.6.15.Final
2025-06-14 20:45:28 [main] INFO  [o.h.c.i.RegionFactoryInitiator] - HHH000026: Second-level cache disabled
2025-06-14 20:45:28 [main] INFO  [o.s.o.j.p.SpringPersistenceUnitInfo] - No LoadTimeWeaver setup: ignoring JPA class transformer
2025-06-14 20:45:28 [main] INFO  [com.zaxxer.hikari.HikariDataSource] - HikariPool-1 - Starting...
2025-06-14 20:45:28 [main] INFO  [com.zaxxer.hikari.pool.HikariPool] - HikariPool-1 - Added connection org.postgresql.jdbc.PgConnection@46994f26
2025-06-14 20:45:28 [main] INFO  [com.zaxxer.hikari.HikariDataSource] - HikariPool-1 - Start completed.
2025-06-14 20:45:28 [main] INFO  [o.hibernate.orm.connections.pooling] - HHH10001005: Database info:
	Database JDBC URL [Connecting through datasource 'HikariDataSource (HikariPool-1)']
	Database driver: undefined/unknown
	Database version: 15.13
	Autocommit mode: undefined/unknown
	Isolation level: undefined/unknown
	Minimum pool size: undefined/unknown
	Maximum pool size: undefined/unknown
2025-06-14 20:45:29 [main] INFO  [o.h.e.t.j.p.i.JtaPlatformInitiator] - HHH000489: No JTA platform available (set 'hibernate.transaction.jta.platform' to enable JTA platform integration)
2025-06-14 20:45:29 [main] INFO  [o.s.o.j.LocalContainerEntityManagerFactoryBean] - Initialized JPA EntityManagerFactory for persistence unit 'default'
2025-06-14 20:45:29 [main] WARN  [o.s.b.w.s.c.AnnotationConfigServletWebServerApplicationContext] - Exception encountered during context initialization - cancelling refresh attempt: org.springframework.beans.factory.UnsatisfiedDependencyException: Error creating bean with name 'userController' defined in file [/Users/fivesmac/Documents/Personal/task-manager/target/classes/com/sourabh/task_manager/controller/UserController.class]: Unsatisfied dependency expressed through constructor parameter 0: No qualifying bean of type 'com.sourabh.task_manager.service.UserService' available: expected at least 1 bean which qualifies as autowire candidate. Dependency annotations: {}
2025-06-14 20:45:29 [main] INFO  [o.s.o.j.LocalContainerEntityManagerFactoryBean] - Closing JPA EntityManagerFactory for persistence unit 'default'
2025-06-14 20:45:29 [main] INFO  [com.zaxxer.hikari.HikariDataSource] - HikariPool-1 - Shutdown initiated...
2025-06-14 20:45:29 [main] INFO  [com.zaxxer.hikari.HikariDataSource] - HikariPool-1 - Shutdown completed.
2025-06-14 20:45:29 [main] INFO  [o.a.catalina.core.StandardService] - Stopping service [Tomcat]
2025-06-14 20:45:29 [main] INFO  [o.s.b.a.l.ConditionEvaluationReportLogger] - 

Error starting ApplicationContext. To display the condition evaluation report re-run your application with 'debug' enabled.
2025-06-14 20:45:29 [main] ERROR [o.s.b.d.LoggingFailureAnalysisReporter] - 

***************************
APPLICATION FAILED TO START
***************************

Description:

Parameter 0 of constructor in com.sourabh.task_manager.controller.UserController required a bean of type 'com.sourabh.task_manager.service.UserService' that could not be found.


Action:

Consider defining a bean of type 'com.sourabh.task_manager.service.UserService' in your configuration.

2025-06-14 20:46:38 [background-preinit] INFO  [o.h.validator.internal.util.Version] - HV000001: Hibernate Validator 8.0.2.Final
2025-06-14 20:46:38 [main] INFO  [c.s.t.TaskManagerApplication] - Starting TaskManagerApplication using Java 17.0.13 with PID 41637 (/Users/fivesmac/Documents/Personal/task-manager/target/classes started by fivesmac in /Users/fivesmac/Documents/Personal/task-manager)
2025-06-14 20:46:38 [main] INFO  [c.s.t.TaskManagerApplication] - The following 1 profile is active: "dev"
2025-06-14 20:46:38 [main] INFO  [o.s.d.r.c.RepositoryConfigurationDelegate] - Bootstrapping Spring Data JPA repositories in DEFAULT mode.
2025-06-14 20:46:38 [main] INFO  [o.s.d.r.c.RepositoryConfigurationDelegate] - Finished Spring Data repository scanning in 35 ms. Found 1 JPA repository interface.
2025-06-14 20:46:39 [main] INFO  [o.s.b.w.e.tomcat.TomcatWebServer] - Tomcat initialized with port 8080 (http)
2025-06-14 20:46:39 [main] INFO  [o.a.coyote.http11.Http11NioProtocol] - Initializing ProtocolHandler ["http-nio-8080"]
2025-06-14 20:46:39 [main] INFO  [o.a.catalina.core.StandardService] - Starting service [Tomcat]
2025-06-14 20:46:39 [main] INFO  [o.a.catalina.core.StandardEngine] - Starting Servlet engine: [Apache Tomcat/10.1.41]
2025-06-14 20:46:39 [main] INFO  [o.a.c.c.C.[Tomcat].[localhost].[/]] - Initializing Spring embedded WebApplicationContext
2025-06-14 20:46:39 [main] INFO  [o.s.b.w.s.c.ServletWebServerApplicationContext] - Root WebApplicationContext: initialization completed in 1314 ms
2025-06-14 20:46:39 [main] DEBUG [o.s.w.f.ServerHttpObservationFilter] - Filter 'webMvcObservationFilter' configured for use
2025-06-14 20:46:39 [main] INFO  [o.h.jpa.internal.util.LogHelper] - HHH000204: Processing PersistenceUnitInfo [name: default]
2025-06-14 20:46:39 [main] INFO  [org.hibernate.Version] - HHH000412: Hibernate ORM core version 6.6.15.Final
2025-06-14 20:46:39 [main] INFO  [o.h.c.i.RegionFactoryInitiator] - HHH000026: Second-level cache disabled
2025-06-14 20:46:40 [main] INFO  [o.s.o.j.p.SpringPersistenceUnitInfo] - No LoadTimeWeaver setup: ignoring JPA class transformer
2025-06-14 20:46:40 [main] INFO  [com.zaxxer.hikari.HikariDataSource] - HikariPool-1 - Starting...
2025-06-14 20:46:40 [main] INFO  [com.zaxxer.hikari.pool.HikariPool] - HikariPool-1 - Added connection org.postgresql.jdbc.PgConnection@25589735
2025-06-14 20:46:40 [main] INFO  [com.zaxxer.hikari.HikariDataSource] - HikariPool-1 - Start completed.
2025-06-14 20:46:40 [main] INFO  [o.hibernate.orm.connections.pooling] - HHH10001005: Database info:
	Database JDBC URL [Connecting through datasource 'HikariDataSource (HikariPool-1)']
	Database driver: undefined/unknown
	Database version: 15.13
	Autocommit mode: undefined/unknown
	Isolation level: undefined/unknown
	Minimum pool size: undefined/unknown
	Maximum pool size: undefined/unknown
2025-06-14 20:46:41 [main] INFO  [o.h.e.t.j.p.i.JtaPlatformInitiator] - HHH000489: No JTA platform available (set 'hibernate.transaction.jta.platform' to enable JTA platform integration)
2025-06-14 20:46:41 [main] INFO  [o.s.o.j.LocalContainerEntityManagerFactoryBean] - Initialized JPA EntityManagerFactory for persistence unit 'default'
2025-06-14 20:46:41 [main] WARN  [o.s.b.w.s.c.AnnotationConfigServletWebServerApplicationContext] - Exception encountered during context initialization - cancelling refresh attempt: org.springframework.beans.factory.UnsatisfiedDependencyException: Error creating bean with name 'userController' defined in file [/Users/fivesmac/Documents/Personal/task-manager/target/classes/com/sourabh/task_manager/controller/UserController.class]: Unsatisfied dependency expressed through constructor parameter 0: No qualifying bean of type 'com.sourabh.task_manager.service.UserService' available: expected at least 1 bean which qualifies as autowire candidate. Dependency annotations: {}
2025-06-14 20:46:41 [main] INFO  [o.s.o.j.LocalContainerEntityManagerFactoryBean] - Closing JPA EntityManagerFactory for persistence unit 'default'
2025-06-14 20:46:41 [main] INFO  [com.zaxxer.hikari.HikariDataSource] - HikariPool-1 - Shutdown initiated...
2025-06-14 20:46:41 [main] INFO  [com.zaxxer.hikari.HikariDataSource] - HikariPool-1 - Shutdown completed.
2025-06-14 20:46:41 [main] INFO  [o.a.catalina.core.StandardService] - Stopping service [Tomcat]
2025-06-14 20:46:41 [main] INFO  [o.s.b.a.l.ConditionEvaluationReportLogger] - 

Error starting ApplicationContext. To display the condition evaluation report re-run your application with 'debug' enabled.
2025-06-14 20:46:41 [main] ERROR [o.s.b.d.LoggingFailureAnalysisReporter] - 

***************************
APPLICATION FAILED TO START
***************************

Description:

Parameter 0 of constructor in com.sourabh.task_manager.controller.UserController required a bean of type 'com.sourabh.task_manager.service.UserService' that could not be found.


Action:

Consider defining a bean of type 'com.sourabh.task_manager.service.UserService' in your configuration.

2025-06-14 20:54:14 [background-preinit] INFO  [o.h.validator.internal.util.Version] - HV000001: Hibernate Validator 8.0.2.Final
2025-06-14 20:54:15 [main] INFO  [c.s.t.TaskManagerApplication] - Starting TaskManagerApplication using Java 17.0.13 with PID 41929 (/Users/fivesmac/Documents/Personal/task-manager/target/classes started by fivesmac in /Users/fivesmac/Documents/Personal/task-manager)
2025-06-14 20:54:15 [main] INFO  [c.s.t.TaskManagerApplication] - The following 1 profile is active: "dev"
2025-06-14 20:54:16 [main] INFO  [o.s.d.r.c.RepositoryConfigurationDelegate] - Bootstrapping Spring Data JPA repositories in DEFAULT mode.
2025-06-14 20:54:16 [main] INFO  [o.s.d.r.c.RepositoryConfigurationDelegate] - Finished Spring Data repository scanning in 37 ms. Found 1 JPA repository interface.
2025-06-14 20:54:16 [main] INFO  [o.s.b.w.e.tomcat.TomcatWebServer] - Tomcat initialized with port 8080 (http)
2025-06-14 20:54:16 [main] INFO  [o.a.coyote.http11.Http11NioProtocol] - Initializing ProtocolHandler ["http-nio-8080"]
2025-06-14 20:54:16 [main] INFO  [o.a.catalina.core.StandardService] - Starting service [Tomcat]
2025-06-14 20:54:16 [main] INFO  [o.a.catalina.core.StandardEngine] - Starting Servlet engine: [Apache Tomcat/10.1.41]
2025-06-14 20:54:16 [main] INFO  [o.a.c.c.C.[Tomcat].[localhost].[/]] - Initializing Spring embedded WebApplicationContext
2025-06-14 20:54:16 [main] INFO  [o.s.b.w.s.c.ServletWebServerApplicationContext] - Root WebApplicationContext: initialization completed in 1511 ms
2025-06-14 20:54:16 [main] DEBUG [o.s.w.f.ServerHttpObservationFilter] - Filter 'webMvcObservationFilter' configured for use
2025-06-14 20:54:16 [main] INFO  [o.h.jpa.internal.util.LogHelper] - HHH000204: Processing PersistenceUnitInfo [name: default]
2025-06-14 20:54:16 [main] INFO  [org.hibernate.Version] - HHH000412: Hibernate ORM core version 6.6.15.Final
2025-06-14 20:54:16 [main] INFO  [o.h.c.i.RegionFactoryInitiator] - HHH000026: Second-level cache disabled
2025-06-14 20:54:17 [main] INFO  [o.s.o.j.p.SpringPersistenceUnitInfo] - No LoadTimeWeaver setup: ignoring JPA class transformer
2025-06-14 20:54:17 [main] INFO  [com.zaxxer.hikari.HikariDataSource] - HikariPool-1 - Starting...
2025-06-14 20:54:17 [main] INFO  [com.zaxxer.hikari.pool.HikariPool] - HikariPool-1 - Added connection org.postgresql.jdbc.PgConnection@77020328
2025-06-14 20:54:17 [main] INFO  [com.zaxxer.hikari.HikariDataSource] - HikariPool-1 - Start completed.
2025-06-14 20:54:17 [main] INFO  [o.hibernate.orm.connections.pooling] - HHH10001005: Database info:
	Database JDBC URL [Connecting through datasource 'HikariDataSource (HikariPool-1)']
	Database driver: undefined/unknown
	Database version: 15.13
	Autocommit mode: undefined/unknown
	Isolation level: undefined/unknown
	Minimum pool size: undefined/unknown
	Maximum pool size: undefined/unknown
2025-06-14 20:54:18 [main] INFO  [o.h.e.t.j.p.i.JtaPlatformInitiator] - HHH000489: No JTA platform available (set 'hibernate.transaction.jta.platform' to enable JTA platform integration)
2025-06-14 20:54:18 [main] INFO  [o.s.o.j.LocalContainerEntityManagerFactoryBean] - Initialized JPA EntityManagerFactory for persistence unit 'default'
2025-06-14 20:54:18 [main] INFO  [o.s.d.j.r.query.QueryEnhancerFactory] - Hibernate is in classpath; If applicable, HQL parser will be used.
2025-06-14 20:54:18 [main] WARN  [o.s.b.w.s.c.AnnotationConfigServletWebServerApplicationContext] - Exception encountered during context initialization - cancelling refresh attempt: org.springframework.beans.factory.UnsatisfiedDependencyException: Error creating bean with name 'userController' defined in file [/Users/fivesmac/Documents/Personal/task-manager/target/classes/com/sourabh/task_manager/controller/UserController.class]: Unsatisfied dependency expressed through constructor parameter 0: Error creating bean with name 'userServiceImpl' defined in file [/Users/fivesmac/Documents/Personal/task-manager/target/classes/com/sourabh/task_manager/service/impl/UserServiceImpl.class]: Unsatisfied dependency expressed through constructor parameter 0: Error creating bean with name 'userRepository' defined in com.sourabh.task_manager.repository.UserRepository defined in @EnableJpaRepositories declared on JpaRepositoriesRegistrar.EnableJpaRepositoriesConfiguration: Could not create query for public abstract void com.sourabh.task_manager.repository.UserRepository.updateEmailVerificationStatus(java.lang.Long,java.lang.Boolean); Reason: Validation failed for query for method public abstract void com.sourabh.task_manager.repository.UserRepository.updateEmailVerificationStatus(java.lang.Long,java.lang.Boolean)
2025-06-14 20:54:18 [main] INFO  [o.s.o.j.LocalContainerEntityManagerFactoryBean] - Closing JPA EntityManagerFactory for persistence unit 'default'
2025-06-14 20:54:18 [main] INFO  [com.zaxxer.hikari.HikariDataSource] - HikariPool-1 - Shutdown initiated...
2025-06-14 20:54:18 [main] INFO  [com.zaxxer.hikari.HikariDataSource] - HikariPool-1 - Shutdown completed.
2025-06-14 20:54:18 [main] INFO  [o.a.catalina.core.StandardService] - Stopping service [Tomcat]
2025-06-14 20:54:18 [main] INFO  [o.s.b.a.l.ConditionEvaluationReportLogger] - 

Error starting ApplicationContext. To display the condition evaluation report re-run your application with 'debug' enabled.
2025-06-14 20:54:18 [main] ERROR [o.s.boot.SpringApplication] - Application run failed
org.springframework.beans.factory.UnsatisfiedDependencyException: Error creating bean with name 'userController' defined in file [/Users/fivesmac/Documents/Personal/task-manager/target/classes/com/sourabh/task_manager/controller/UserController.class]: Unsatisfied dependency expressed through constructor parameter 0: Error creating bean with name 'userServiceImpl' defined in file [/Users/fivesmac/Documents/Personal/task-manager/target/classes/com/sourabh/task_manager/service/impl/UserServiceImpl.class]: Unsatisfied dependency expressed through constructor parameter 0: Error creating bean with name 'userRepository' defined in com.sourabh.task_manager.repository.UserRepository defined in @EnableJpaRepositories declared on JpaRepositoriesRegistrar.EnableJpaRepositoriesConfiguration: Could not create query for public abstract void com.sourabh.task_manager.repository.UserRepository.updateEmailVerificationStatus(java.lang.Long,java.lang.Boolean); Reason: Validation failed for query for method public abstract void com.sourabh.task_manager.repository.UserRepository.updateEmailVerificationStatus(java.lang.Long,java.lang.Boolean)
	at org.springframework.beans.factory.support.ConstructorResolver.createArgumentArray(ConstructorResolver.java:804)
	at org.springframework.beans.factory.support.ConstructorResolver.autowireConstructor(ConstructorResolver.java:240)
	at org.springframework.beans.factory.support.AbstractAutowireCapableBeanFactory.autowireConstructor(AbstractAutowireCapableBeanFactory.java:1395)
	at org.springframework.beans.factory.support.AbstractAutowireCapableBeanFactory.createBeanInstance(AbstractAutowireCapableBeanFactory.java:1232)
	at org.springframework.beans.factory.support.AbstractAutowireCapableBeanFactory.doCreateBean(AbstractAutowireCapableBeanFactory.java:569)
	at org.springframework.beans.factory.support.AbstractAutowireCapableBeanFactory.createBean(AbstractAutowireCapableBeanFactory.java:529)
	at org.springframework.beans.factory.support.AbstractBeanFactory.lambda$doGetBean$0(AbstractBeanFactory.java:339)
	at org.springframework.beans.factory.support.DefaultSingletonBeanRegistry.getSingleton(DefaultSingletonBeanRegistry.java:373)
	at org.springframework.beans.factory.support.AbstractBeanFactory.doGetBean(AbstractBeanFactory.java:337)
	at org.springframework.beans.factory.support.AbstractBeanFactory.getBean(AbstractBeanFactory.java:202)
	at org.springframework.beans.factory.support.DefaultListableBeanFactory.instantiateSingleton(DefaultListableBeanFactory.java:1222)
	at org.springframework.beans.factory.support.DefaultListableBeanFactory.preInstantiateSingleton(DefaultListableBeanFactory.java:1188)
	at org.springframework.beans.factory.support.DefaultListableBeanFactory.preInstantiateSingletons(DefaultListableBeanFactory.java:1123)
	at org.springframework.context.support.AbstractApplicationContext.finishBeanFactoryInitialization(AbstractApplicationContext.java:987)
	at org.springframework.context.support.AbstractApplicationContext.refresh(AbstractApplicationContext.java:627)
	at org.springframework.boot.web.servlet.context.ServletWebServerApplicationContext.refresh(ServletWebServerApplicationContext.java:146)
	at org.springframework.boot.SpringApplication.refresh(SpringApplication.java:753)
	at org.springframework.boot.SpringApplication.refreshContext(SpringApplication.java:439)
	at org.springframework.boot.SpringApplication.run(SpringApplication.java:318)
	at org.springframework.boot.SpringApplication.run(SpringApplication.java:1362)
	at org.springframework.boot.SpringApplication.run(SpringApplication.java:1351)
	at com.sourabh.task_manager.TaskManagerApplication.main(TaskManagerApplication.java:12)
Caused by: org.springframework.beans.factory.UnsatisfiedDependencyException: Error creating bean with name 'userServiceImpl' defined in file [/Users/fivesmac/Documents/Personal/task-manager/target/classes/com/sourabh/task_manager/service/impl/UserServiceImpl.class]: Unsatisfied dependency expressed through constructor parameter 0: Error creating bean with name 'userRepository' defined in com.sourabh.task_manager.repository.UserRepository defined in @EnableJpaRepositories declared on JpaRepositoriesRegistrar.EnableJpaRepositoriesConfiguration: Could not create query for public abstract void com.sourabh.task_manager.repository.UserRepository.updateEmailVerificationStatus(java.lang.Long,java.lang.Boolean); Reason: Validation failed for query for method public abstract void com.sourabh.task_manager.repository.UserRepository.updateEmailVerificationStatus(java.lang.Long,java.lang.Boolean)
	at org.springframework.beans.factory.support.ConstructorResolver.createArgumentArray(ConstructorResolver.java:804)
	at org.springframework.beans.factory.support.ConstructorResolver.autowireConstructor(ConstructorResolver.java:240)
	at org.springframework.beans.factory.support.AbstractAutowireCapableBeanFactory.autowireConstructor(AbstractAutowireCapableBeanFactory.java:1395)
	at org.springframework.beans.factory.support.AbstractAutowireCapableBeanFactory.createBeanInstance(AbstractAutowireCapableBeanFactory.java:1232)
	at org.springframework.beans.factory.support.AbstractAutowireCapableBeanFactory.doCreateBean(AbstractAutowireCapableBeanFactory.java:569)
	at org.springframework.beans.factory.support.AbstractAutowireCapableBeanFactory.createBean(AbstractAutowireCapableBeanFactory.java:529)
	at org.springframework.beans.factory.support.AbstractBeanFactory.lambda$doGetBean$0(AbstractBeanFactory.java:339)
	at org.springframework.beans.factory.support.DefaultSingletonBeanRegistry.getSingleton(DefaultSingletonBeanRegistry.java:373)
	at org.springframework.beans.factory.support.AbstractBeanFactory.doGetBean(AbstractBeanFactory.java:337)
	at org.springframework.beans.factory.support.AbstractBeanFactory.getBean(AbstractBeanFactory.java:202)
	at org.springframework.beans.factory.config.DependencyDescriptor.resolveCandidate(DependencyDescriptor.java:254)
	at org.springframework.beans.factory.support.DefaultListableBeanFactory.doResolveDependency(DefaultListableBeanFactory.java:1740)
	at org.springframework.beans.factory.support.DefaultListableBeanFactory.resolveDependency(DefaultListableBeanFactory.java:1628)
	at org.springframework.beans.factory.support.ConstructorResolver.resolveAutowiredArgument(ConstructorResolver.java:913)
	at org.springframework.beans.factory.support.ConstructorResolver.createArgumentArray(ConstructorResolver.java:791)
	... 21 common frames omitted
Caused by: org.springframework.beans.factory.BeanCreationException: Error creating bean with name 'userRepository' defined in com.sourabh.task_manager.repository.UserRepository defined in @EnableJpaRepositories declared on JpaRepositoriesRegistrar.EnableJpaRepositoriesConfiguration: Could not create query for public abstract void com.sourabh.task_manager.repository.UserRepository.updateEmailVerificationStatus(java.lang.Long,java.lang.Boolean); Reason: Validation failed for query for method public abstract void com.sourabh.task_manager.repository.UserRepository.updateEmailVerificationStatus(java.lang.Long,java.lang.Boolean)
	at org.springframework.beans.factory.support.AbstractAutowireCapableBeanFactory.initializeBean(AbstractAutowireCapableBeanFactory.java:1826)
	at org.springframework.beans.factory.support.AbstractAutowireCapableBeanFactory.doCreateBean(AbstractAutowireCapableBeanFactory.java:607)
	at org.springframework.beans.factory.support.AbstractAutowireCapableBeanFactory.createBean(AbstractAutowireCapableBeanFactory.java:529)
	at org.springframework.beans.factory.support.AbstractBeanFactory.lambda$doGetBean$0(AbstractBeanFactory.java:339)
	at org.springframework.beans.factory.support.DefaultSingletonBeanRegistry.getSingleton(DefaultSingletonBeanRegistry.java:373)
	at org.springframework.beans.factory.support.AbstractBeanFactory.doGetBean(AbstractBeanFactory.java:337)
	at org.springframework.beans.factory.support.AbstractBeanFactory.getBean(AbstractBeanFactory.java:202)
	at org.springframework.beans.factory.support.DefaultListableBeanFactory.doResolveDependency(DefaultListableBeanFactory.java:1682)
	at org.springframework.beans.factory.support.DefaultListableBeanFactory.resolveDependency(DefaultListableBeanFactory.java:1628)
	at org.springframework.beans.factory.support.ConstructorResolver.resolveAutowiredArgument(ConstructorResolver.java:913)
	at org.springframework.beans.factory.support.ConstructorResolver.createArgumentArray(ConstructorResolver.java:791)
	... 35 common frames omitted
Caused by: org.springframework.data.repository.query.QueryCreationException: Could not create query for public abstract void com.sourabh.task_manager.repository.UserRepository.updateEmailVerificationStatus(java.lang.Long,java.lang.Boolean); Reason: Validation failed for query for method public abstract void com.sourabh.task_manager.repository.UserRepository.updateEmailVerificationStatus(java.lang.Long,java.lang.Boolean)
	at org.springframework.data.repository.query.QueryCreationException.create(QueryCreationException.java:101)
	at org.springframework.data.repository.core.support.QueryExecutorMethodInterceptor.lookupQuery(QueryExecutorMethodInterceptor.java:120)
	at org.springframework.data.repository.core.support.QueryExecutorMethodInterceptor.mapMethodsToQuery(QueryExecutorMethodInterceptor.java:104)
	at org.springframework.data.repository.core.support.QueryExecutorMethodInterceptor.lambda$new$0(QueryExecutorMethodInterceptor.java:92)
	at java.base/java.util.Optional.map(Optional.java:260)
	at org.springframework.data.repository.core.support.QueryExecutorMethodInterceptor.<init>(QueryExecutorMethodInterceptor.java:92)
	at org.springframework.data.repository.core.support.RepositoryFactorySupport.getRepository(RepositoryFactorySupport.java:434)
	at org.springframework.data.repository.core.support.RepositoryFactoryBeanSupport.lambda$afterPropertiesSet$4(RepositoryFactoryBeanSupport.java:350)
	at org.springframework.data.util.Lazy.getNullable(Lazy.java:135)
	at org.springframework.data.util.Lazy.get(Lazy.java:113)
	at org.springframework.data.repository.core.support.RepositoryFactoryBeanSupport.afterPropertiesSet(RepositoryFactoryBeanSupport.java:356)
	at org.springframework.data.jpa.repository.support.JpaRepositoryFactoryBean.afterPropertiesSet(JpaRepositoryFactoryBean.java:132)
	at org.springframework.beans.factory.support.AbstractAutowireCapableBeanFactory.invokeInitMethods(AbstractAutowireCapableBeanFactory.java:1873)
	at org.springframework.beans.factory.support.AbstractAutowireCapableBeanFactory.initializeBean(AbstractAutowireCapableBeanFactory.java:1822)
	... 45 common frames omitted
Caused by: java.lang.IllegalArgumentException: Validation failed for query for method public abstract void com.sourabh.task_manager.repository.UserRepository.updateEmailVerificationStatus(java.lang.Long,java.lang.Boolean)
	at org.springframework.data.jpa.repository.query.SimpleJpaQuery.validateQuery(SimpleJpaQuery.java:97)
	at org.springframework.data.jpa.repository.query.SimpleJpaQuery.<init>(SimpleJpaQuery.java:67)
	at org.springframework.data.jpa.repository.query.JpaQueryFactory.fromMethodWithQueryString(JpaQueryFactory.java:49)
	at org.springframework.data.jpa.repository.query.JpaQueryLookupStrategy$DeclaredQueryLookupStrategy.resolveQuery(JpaQueryLookupStrategy.java:174)
	at org.springframework.data.jpa.repository.query.JpaQueryLookupStrategy$CreateIfNotFoundQueryLookupStrategy.resolveQuery(JpaQueryLookupStrategy.java:254)
	at org.springframework.data.jpa.repository.query.JpaQueryLookupStrategy$AbstractQueryLookupStrategy.resolveQuery(JpaQueryLookupStrategy.java:99)
	at org.springframework.data.repository.core.support.QueryExecutorMethodInterceptor.lookupQuery(QueryExecutorMethodInterceptor.java:116)
	... 57 common frames omitted
Caused by: java.lang.IllegalArgumentException: org.hibernate.query.sqm.UnknownEntityException: Could not resolve root entity 'User'
	at org.hibernate.internal.ExceptionConverterImpl.convert(ExceptionConverterImpl.java:143)
	at org.hibernate.internal.ExceptionConverterImpl.convert(ExceptionConverterImpl.java:167)
	at org.hibernate.internal.ExceptionConverterImpl.convert(ExceptionConverterImpl.java:173)
	at org.hibernate.internal.AbstractSharedSessionContract.createQuery(AbstractSharedSessionContract.java:886)
	at org.hibernate.internal.AbstractSharedSessionContract.createQuery(AbstractSharedSessionContract.java:796)
	at org.hibernate.internal.AbstractSharedSessionContract.createQuery(AbstractSharedSessionContract.java:143)
	at java.base/jdk.internal.reflect.NativeMethodAccessorImpl.invoke0(Native Method)
	at java.base/jdk.internal.reflect.NativeMethodAccessorImpl.invoke(NativeMethodAccessorImpl.java:77)
	at java.base/jdk.internal.reflect.DelegatingMethodAccessorImpl.invoke(DelegatingMethodAccessorImpl.java:43)
	at java.base/java.lang.reflect.Method.invoke(Method.java:569)
	at org.springframework.orm.jpa.ExtendedEntityManagerCreator$ExtendedEntityManagerInvocationHandler.invoke(ExtendedEntityManagerCreator.java:364)
	at jdk.proxy2/jdk.proxy2.$Proxy155.createQuery(Unknown Source)
	at org.springframework.data.jpa.repository.query.SimpleJpaQuery.validateQuery(SimpleJpaQuery.java:91)
	... 63 common frames omitted
Caused by: org.hibernate.query.sqm.UnknownEntityException: Could not resolve root entity 'User'
	at org.hibernate.query.hql.internal.SemanticQueryBuilder.resolveRootEntity(SemanticQueryBuilder.java:2129)
	at org.hibernate.query.hql.internal.SemanticQueryBuilder.visitRootEntity(SemanticQueryBuilder.java:2059)
	at org.hibernate.query.hql.internal.SemanticQueryBuilder.visitRootEntity(SemanticQueryBuilder.java:277)
	at org.hibernate.grammars.hql.HqlParser$RootEntityContext.accept(HqlParser.java:2814)
	at org.hibernate.query.hql.internal.SemanticQueryBuilder.visitEntityWithJoins(SemanticQueryBuilder.java:2029)
	at org.hibernate.query.hql.internal.SemanticQueryBuilder.visitUpdateStatement(SemanticQueryBuilder.java:676)
	at org.hibernate.query.hql.internal.SemanticQueryBuilder.visitStatement(SemanticQueryBuilder.java:459)
	at org.hibernate.query.hql.internal.SemanticQueryBuilder.buildSemanticModel(SemanticQueryBuilder.java:324)
	at org.hibernate.query.hql.internal.StandardHqlTranslator.translate(StandardHqlTranslator.java:71)
	at org.hibernate.query.internal.QueryInterpretationCacheStandardImpl.createHqlInterpretation(QueryInterpretationCacheStandardImpl.java:145)
	at org.hibernate.query.internal.QueryInterpretationCacheStandardImpl.resolveHqlInterpretation(QueryInterpretationCacheStandardImpl.java:132)
	at org.hibernate.query.spi.QueryEngine.interpretHql(QueryEngine.java:54)
	at org.hibernate.internal.AbstractSharedSessionContract.interpretHql(AbstractSharedSessionContract.java:832)
	at org.hibernate.internal.AbstractSharedSessionContract.createQuery(AbstractSharedSessionContract.java:878)
	... 72 common frames omitted
2025-06-14 21:00:54 [background-preinit] INFO  [o.h.validator.internal.util.Version] - HV000001: Hibernate Validator 8.0.2.Final
2025-06-14 21:00:54 [main] INFO  [c.s.t.TaskManagerApplication] - Starting TaskManagerApplication using Java 17.0.13 with PID 42165 (/Users/fivesmac/Documents/Personal/task-manager/target/classes started by fivesmac in /Users/fivesmac/Documents/Personal/task-manager)
2025-06-14 21:00:54 [main] INFO  [c.s.t.TaskManagerApplication] - The following 1 profile is active: "dev"
2025-06-14 21:00:54 [main] INFO  [o.s.d.r.c.RepositoryConfigurationDelegate] - Bootstrapping Spring Data JPA repositories in DEFAULT mode.
2025-06-14 21:00:55 [main] INFO  [o.s.d.r.c.RepositoryConfigurationDelegate] - Finished Spring Data repository scanning in 39 ms. Found 1 JPA repository interface.
2025-06-14 21:00:55 [main] INFO  [o.s.b.w.e.tomcat.TomcatWebServer] - Tomcat initialized with port 8080 (http)
2025-06-14 21:00:55 [main] INFO  [o.a.coyote.http11.Http11NioProtocol] - Initializing ProtocolHandler ["http-nio-8080"]
2025-06-14 21:00:55 [main] INFO  [o.a.catalina.core.StandardService] - Starting service [Tomcat]
2025-06-14 21:00:55 [main] INFO  [o.a.catalina.core.StandardEngine] - Starting Servlet engine: [Apache Tomcat/10.1.41]
2025-06-14 21:00:55 [main] INFO  [o.a.c.c.C.[Tomcat].[localhost].[/]] - Initializing Spring embedded WebApplicationContext
2025-06-14 21:00:55 [main] INFO  [o.s.b.w.s.c.ServletWebServerApplicationContext] - Root WebApplicationContext: initialization completed in 1299 ms
2025-06-14 21:00:55 [main] DEBUG [o.s.w.f.ServerHttpObservationFilter] - Filter 'webMvcObservationFilter' configured for use
2025-06-14 21:00:55 [main] INFO  [o.h.jpa.internal.util.LogHelper] - HHH000204: Processing PersistenceUnitInfo [name: default]
2025-06-14 21:00:55 [main] INFO  [org.hibernate.Version] - HHH000412: Hibernate ORM core version 6.6.15.Final
2025-06-14 21:00:55 [main] INFO  [o.h.c.i.RegionFactoryInitiator] - HHH000026: Second-level cache disabled
2025-06-14 21:00:56 [main] INFO  [o.s.o.j.p.SpringPersistenceUnitInfo] - No LoadTimeWeaver setup: ignoring JPA class transformer
2025-06-14 21:00:56 [main] INFO  [com.zaxxer.hikari.HikariDataSource] - HikariPool-1 - Starting...
2025-06-14 21:00:56 [main] INFO  [com.zaxxer.hikari.pool.HikariPool] - HikariPool-1 - Added connection org.postgresql.jdbc.PgConnection@7b2e931
2025-06-14 21:00:56 [main] INFO  [com.zaxxer.hikari.HikariDataSource] - HikariPool-1 - Start completed.
2025-06-14 21:00:56 [main] INFO  [o.hibernate.orm.connections.pooling] - HHH10001005: Database info:
	Database JDBC URL [Connecting through datasource 'HikariDataSource (HikariPool-1)']
	Database driver: undefined/unknown
	Database version: 15.13
	Autocommit mode: undefined/unknown
	Isolation level: undefined/unknown
	Minimum pool size: undefined/unknown
	Maximum pool size: undefined/unknown
2025-06-14 21:00:57 [main] INFO  [o.h.e.t.j.p.i.JtaPlatformInitiator] - HHH000489: No JTA platform available (set 'hibernate.transaction.jta.platform' to enable JTA platform integration)
2025-06-14 21:00:57 [main] INFO  [o.s.o.j.LocalContainerEntityManagerFactoryBean] - Initialized JPA EntityManagerFactory for persistence unit 'default'
2025-06-14 21:00:57 [main] INFO  [o.s.d.j.r.query.QueryEnhancerFactory] - Hibernate is in classpath; If applicable, HQL parser will be used.
2025-06-14 21:00:58 [main] WARN  [o.s.b.w.s.c.AnnotationConfigServletWebServerApplicationContext] - Exception encountered during context initialization - cancelling refresh attempt: org.springframework.beans.factory.UnsatisfiedDependencyException: Error creating bean with name 'userController' defined in file [/Users/fivesmac/Documents/Personal/task-manager/target/classes/com/sourabh/task_manager/controller/UserController.class]: Unsatisfied dependency expressed through constructor parameter 0: Error creating bean with name 'userServiceImpl' defined in file [/Users/fivesmac/Documents/Personal/task-manager/target/classes/com/sourabh/task_manager/service/impl/UserServiceImpl.class]: Unsatisfied dependency expressed through constructor parameter 1: No qualifying bean of type 'org.springframework.security.crypto.password.PasswordEncoder' available: expected at least 1 bean which qualifies as autowire candidate. Dependency annotations: {}
2025-06-14 21:00:58 [main] INFO  [o.s.o.j.LocalContainerEntityManagerFactoryBean] - Closing JPA EntityManagerFactory for persistence unit 'default'
2025-06-14 21:00:58 [main] INFO  [com.zaxxer.hikari.HikariDataSource] - HikariPool-1 - Shutdown initiated...
2025-06-14 21:00:58 [main] INFO  [com.zaxxer.hikari.HikariDataSource] - HikariPool-1 - Shutdown completed.
2025-06-14 21:00:58 [main] INFO  [o.a.catalina.core.StandardService] - Stopping service [Tomcat]
2025-06-14 21:00:58 [main] INFO  [o.s.b.a.l.ConditionEvaluationReportLogger] - 

Error starting ApplicationContext. To display the condition evaluation report re-run your application with 'debug' enabled.
2025-06-14 21:00:58 [main] ERROR [o.s.b.d.LoggingFailureAnalysisReporter] - 

***************************
APPLICATION FAILED TO START
***************************

Description:

Parameter 1 of constructor in com.sourabh.task_manager.service.impl.UserServiceImpl required a bean of type 'org.springframework.security.crypto.password.PasswordEncoder' that could not be found.


Action:

Consider defining a bean of type 'org.springframework.security.crypto.password.PasswordEncoder' in your configuration.

2025-06-14 21:05:22 [background-preinit] INFO  [o.h.validator.internal.util.Version] - HV000001: Hibernate Validator 8.0.2.Final
2025-06-14 21:05:22 [main] INFO  [c.s.t.TaskManagerApplication] - Starting TaskManagerApplication using Java 17.0.13 with PID 42334 (/Users/fivesmac/Documents/Personal/task-manager/target/classes started by fivesmac in /Users/fivesmac/Documents/Personal/task-manager)
2025-06-14 21:05:22 [main] INFO  [c.s.t.TaskManagerApplication] - The following 1 profile is active: "dev"
2025-06-14 21:05:23 [main] INFO  [o.s.d.r.c.RepositoryConfigurationDelegate] - Bootstrapping Spring Data JPA repositories in DEFAULT mode.
2025-06-14 21:05:23 [main] INFO  [o.s.d.r.c.RepositoryConfigurationDelegate] - Finished Spring Data repository scanning in 37 ms. Found 1 JPA repository interface.
2025-06-14 21:05:23 [main] INFO  [o.s.b.w.e.tomcat.TomcatWebServer] - Tomcat initialized with port 8080 (http)
2025-06-14 21:05:23 [main] INFO  [o.a.coyote.http11.Http11NioProtocol] - Initializing ProtocolHandler ["http-nio-8080"]
2025-06-14 21:05:23 [main] INFO  [o.a.catalina.core.StandardService] - Starting service [Tomcat]
2025-06-14 21:05:23 [main] INFO  [o.a.catalina.core.StandardEngine] - Starting Servlet engine: [Apache Tomcat/10.1.41]
2025-06-14 21:05:23 [main] INFO  [o.a.c.c.C.[Tomcat].[localhost].[/]] - Initializing Spring embedded WebApplicationContext
2025-06-14 21:05:23 [main] INFO  [o.s.b.w.s.c.ServletWebServerApplicationContext] - Root WebApplicationContext: initialization completed in 1368 ms
2025-06-14 21:05:23 [main] DEBUG [o.s.w.f.ServerHttpObservationFilter] - Filter 'webMvcObservationFilter' configured for use
2025-06-14 21:05:23 [main] INFO  [o.h.jpa.internal.util.LogHelper] - HHH000204: Processing PersistenceUnitInfo [name: default]
2025-06-14 21:05:24 [main] INFO  [org.hibernate.Version] - HHH000412: Hibernate ORM core version 6.6.15.Final
2025-06-14 21:05:24 [main] INFO  [o.h.c.i.RegionFactoryInitiator] - HHH000026: Second-level cache disabled
2025-06-14 21:05:24 [main] INFO  [o.s.o.j.p.SpringPersistenceUnitInfo] - No LoadTimeWeaver setup: ignoring JPA class transformer
2025-06-14 21:05:24 [main] INFO  [com.zaxxer.hikari.HikariDataSource] - HikariPool-1 - Starting...
2025-06-14 21:05:24 [main] INFO  [com.zaxxer.hikari.pool.HikariPool] - HikariPool-1 - Added connection org.postgresql.jdbc.PgConnection@7c682e26
2025-06-14 21:05:24 [main] INFO  [com.zaxxer.hikari.HikariDataSource] - HikariPool-1 - Start completed.
2025-06-14 21:05:24 [main] INFO  [o.hibernate.orm.connections.pooling] - HHH10001005: Database info:
	Database JDBC URL [Connecting through datasource 'HikariDataSource (HikariPool-1)']
	Database driver: undefined/unknown
	Database version: 15.13
	Autocommit mode: undefined/unknown
	Isolation level: undefined/unknown
	Minimum pool size: undefined/unknown
	Maximum pool size: undefined/unknown
2025-06-14 21:05:25 [main] INFO  [o.h.e.t.j.p.i.JtaPlatformInitiator] - HHH000489: No JTA platform available (set 'hibernate.transaction.jta.platform' to enable JTA platform integration)
2025-06-14 21:05:25 [main] INFO  [o.s.o.j.LocalContainerEntityManagerFactoryBean] - Initialized JPA EntityManagerFactory for persistence unit 'default'
2025-06-14 21:05:25 [main] INFO  [o.s.d.j.r.query.QueryEnhancerFactory] - Hibernate is in classpath; If applicable, HQL parser will be used.
2025-06-14 21:05:26 [main] WARN  [o.s.b.a.o.j.JpaBaseConfiguration$JpaWebConfiguration] - spring.jpa.open-in-view is enabled by default. Therefore, database queries may be performed during view rendering. Explicitly configure spring.jpa.open-in-view to disable this warning
2025-06-14 21:05:26 [main] DEBUG [o.s.w.s.m.m.a.RequestMappingHandlerMapping] - 21 mappings in 'requestMappingHandlerMapping'
2025-06-14 21:05:26 [main] DEBUG [o.s.w.s.h.SimpleUrlHandlerMapping] - Patterns [/webjars/**, /**] in 'resourceHandlerMapping'
2025-06-14 21:05:26 [main] DEBUG [o.s.w.s.m.m.a.RequestMappingHandlerAdapter] - ControllerAdvice beans: 0 @ModelAttribute, 0 @InitBinder, 1 RequestBodyAdvice, 1 ResponseBodyAdvice
2025-06-14 21:05:26 [main] DEBUG [o.s.w.s.m.m.a.ExceptionHandlerExceptionResolver] - ControllerAdvice beans: 1 @ExceptionHandler, 1 ResponseBodyAdvice
2025-06-14 21:05:26 [main] WARN  [o.s.b.a.s.s.UserDetailsServiceAutoConfiguration] - 

Using generated security password: 94106749-ebb3-4020-86bb-e1e50fa82f10

This generated password is for development use only. Your security configuration must be updated before running your application in production.

2025-06-14 21:05:26 [main] INFO  [o.s.s.c.a.a.c.InitializeUserDetailsBeanManagerConfigurer$InitializeUserDetailsManagerConfigurer] - Global AuthenticationManager configured with UserDetailsService bean with name inMemoryUserDetailsManager
2025-06-14 21:05:26 [main] INFO  [o.s.b.a.e.web.EndpointLinksResolver] - Exposing 1 endpoint beneath base path '/actuator'
2025-06-14 21:05:26 [main] DEBUG [o.s.s.web.DefaultSecurityFilterChain] - Will secure any request with filters: DisableEncodeUrlFilter, WebAsyncManagerIntegrationFilter, SecurityContextHolderFilter, HeaderWriterFilter, CorsFilter, CsrfFilter, LogoutFilter, UsernamePasswordAuthenticationFilter, DefaultResourcesFilter, DefaultLoginPageGeneratingFilter, DefaultLogoutPageGeneratingFilter, BasicAuthenticationFilter, RequestCacheAwareFilter, SecurityContextHolderAwareRequestFilter, AnonymousAuthenticationFilter, ExceptionTranslationFilter, AuthorizationFilter
2025-06-14 21:05:27 [main] INFO  [o.a.coyote.http11.Http11NioProtocol] - Starting ProtocolHandler ["http-nio-8080"]
2025-06-14 21:05:27 [main] INFO  [o.s.b.w.e.tomcat.TomcatWebServer] - Tomcat started on port 8080 (http) with context path '/'
2025-06-14 21:05:27 [main] INFO  [c.s.t.TaskManagerApplication] - Started TaskManagerApplication in 5.403 seconds (process running for 5.815)
2025-06-14 21:05:27 [main] WARN  [c.s.t.config.DevDataSeeder] - 🌱 Seeding development database...
2025-06-14 21:05:27 [main] INFO  [c.s.t.TaskManagerApplication] - Task Manager Application started successfully!
2025-06-14 21:13:30 [SpringApplicationShutdownHook] INFO  [o.s.b.w.e.tomcat.GracefulShutdown] - Commencing graceful shutdown. Waiting for active requests to complete
2025-06-14 21:13:30 [tomcat-shutdown] INFO  [o.s.b.w.e.tomcat.GracefulShutdown] - Graceful shutdown complete
2025-06-14 21:13:30 [SpringApplicationShutdownHook] INFO  [o.s.o.j.LocalContainerEntityManagerFactoryBean] - Closing JPA EntityManagerFactory for persistence unit 'default'
2025-06-14 21:13:30 [SpringApplicationShutdownHook] INFO  [com.zaxxer.hikari.HikariDataSource] - HikariPool-1 - Shutdown initiated...
2025-06-14 21:13:30 [SpringApplicationShutdownHook] INFO  [com.zaxxer.hikari.HikariDataSource] - HikariPool-1 - Shutdown completed.
