2025-06-15 08:45:35 [background-preinit] INFO  [o.h.validator.internal.util.Version] - HV000001: Hibernate Validator 8.0.2.Final
2025-06-15 08:45:35 [main] INFO  [c.s.t.TaskManagerApplication] - Starting TaskManagerApplication using Java 17.0.13 with PID 3520 (/Users/fivesmac/Documents/Personal/task-manager/target/classes started by fivesmac in /Users/fivesmac/Documents/Personal/task-manager)
2025-06-15 08:45:35 [main] INFO  [c.s.t.TaskManagerApplication] - The following 1 profile is active: "dev"
2025-06-15 08:45:36 [main] INFO  [o.s.d.r.c.RepositoryConfigurationDelegate] - Bootstrapping Spring Data JPA repositories in DEFAULT mode.
2025-06-15 08:45:36 [main] INFO  [o.s.d.r.c.RepositoryConfigurationDelegate] - Finished Spring Data repository scanning in 49 ms. Found 1 JPA repository interface.
2025-06-15 08:45:36 [main] INFO  [o.s.b.w.e.tomcat.TomcatWebServer] - Tomcat initialized with port 8080 (http)
2025-06-15 08:45:36 [main] INFO  [o.a.coyote.http11.Http11NioProtocol] - Initializing ProtocolHandler ["http-nio-8080"]
2025-06-15 08:45:36 [main] INFO  [o.a.catalina.core.StandardService] - Starting service [Tomcat]
2025-06-15 08:45:36 [main] INFO  [o.a.catalina.core.StandardEngine] - Starting Servlet engine: [Apache Tomcat/10.1.41]
2025-06-15 08:45:36 [main] INFO  [o.a.c.c.C.[Tomcat].[localhost].[/]] - Initializing Spring embedded WebApplicationContext
2025-06-15 08:45:36 [main] INFO  [o.s.b.w.s.c.ServletWebServerApplicationContext] - Root WebApplicationContext: initialization completed in 1437 ms
2025-06-15 08:45:37 [main] DEBUG [o.s.w.f.ServerHttpObservationFilter] - Filter 'webMvcObservationFilter' configured for use
2025-06-15 08:45:37 [main] INFO  [o.h.jpa.internal.util.LogHelper] - HHH000204: Processing PersistenceUnitInfo [name: default]
2025-06-15 08:45:37 [main] INFO  [org.hibernate.Version] - HHH000412: Hibernate ORM core version 6.6.15.Final
2025-06-15 08:45:37 [main] INFO  [o.h.c.i.RegionFactoryInitiator] - HHH000026: Second-level cache disabled
2025-06-15 08:45:37 [main] INFO  [o.s.o.j.p.SpringPersistenceUnitInfo] - No LoadTimeWeaver setup: ignoring JPA class transformer
2025-06-15 08:45:37 [main] INFO  [com.zaxxer.hikari.HikariDataSource] - HikariPool-1 - Starting...
2025-06-15 08:45:37 [main] INFO  [com.zaxxer.hikari.pool.HikariPool] - HikariPool-1 - Added connection org.postgresql.jdbc.PgConnection@7c682e26
2025-06-15 08:45:37 [main] INFO  [com.zaxxer.hikari.HikariDataSource] - HikariPool-1 - Start completed.
2025-06-15 08:45:37 [main] INFO  [o.hibernate.orm.connections.pooling] - HHH10001005: Database info:
	Database JDBC URL [Connecting through datasource 'HikariDataSource (HikariPool-1)']
	Database driver: undefined/unknown
	Database version: 15.13
	Autocommit mode: undefined/unknown
	Isolation level: undefined/unknown
	Minimum pool size: undefined/unknown
	Maximum pool size: undefined/unknown
2025-06-15 08:45:38 [main] INFO  [o.h.e.t.j.p.i.JtaPlatformInitiator] - HHH000489: No JTA platform available (set 'hibernate.transaction.jta.platform' to enable JTA platform integration)
2025-06-15 08:45:38 [main] DEBUG [org.hibernate.SQL] - 
    alter table if exists users 
       add column id bigint generated by default as identity
2025-06-15 08:45:38 [main] INFO  [o.s.o.j.LocalContainerEntityManagerFactoryBean] - Initialized JPA EntityManagerFactory for persistence unit 'default'
2025-06-15 08:45:38 [main] INFO  [o.s.d.j.r.query.QueryEnhancerFactory] - Hibernate is in classpath; If applicable, HQL parser will be used.
2025-06-15 08:45:40 [main] WARN  [o.s.b.a.o.j.JpaBaseConfiguration$JpaWebConfiguration] - spring.jpa.open-in-view is enabled by default. Therefore, database queries may be performed during view rendering. Explicitly configure spring.jpa.open-in-view to disable this warning
2025-06-15 08:45:40 [main] DEBUG [o.s.w.s.m.m.a.RequestMappingHandlerMapping] - 21 mappings in 'requestMappingHandlerMapping'
2025-06-15 08:45:40 [main] DEBUG [o.s.w.s.h.SimpleUrlHandlerMapping] - Patterns [/webjars/**, /**] in 'resourceHandlerMapping'
2025-06-15 08:45:40 [main] DEBUG [o.s.w.s.m.m.a.RequestMappingHandlerAdapter] - ControllerAdvice beans: 0 @ModelAttribute, 0 @InitBinder, 1 RequestBodyAdvice, 1 ResponseBodyAdvice
2025-06-15 08:45:40 [main] DEBUG [o.s.w.s.m.m.a.ExceptionHandlerExceptionResolver] - ControllerAdvice beans: 1 @ExceptionHandler, 1 ResponseBodyAdvice
2025-06-15 08:45:40 [main] WARN  [o.s.b.a.s.s.UserDetailsServiceAutoConfiguration] - 

Using generated security password: b8ef19b9-c86b-4793-a8a5-ac2b42a588ee

This generated password is for development use only. Your security configuration must be updated before running your application in production.

2025-06-15 08:45:40 [main] INFO  [o.s.s.c.a.a.c.InitializeUserDetailsBeanManagerConfigurer$InitializeUserDetailsManagerConfigurer] - Global AuthenticationManager configured with UserDetailsService bean with name inMemoryUserDetailsManager
2025-06-15 08:45:40 [main] INFO  [o.s.b.a.e.web.EndpointLinksResolver] - Exposing 1 endpoint beneath base path '/actuator'
2025-06-15 08:45:40 [main] DEBUG [o.s.s.web.DefaultSecurityFilterChain] - Will secure any request with filters: DisableEncodeUrlFilter, WebAsyncManagerIntegrationFilter, SecurityContextHolderFilter, HeaderWriterFilter, CorsFilter, CsrfFilter, LogoutFilter, UsernamePasswordAuthenticationFilter, DefaultResourcesFilter, DefaultLoginPageGeneratingFilter, DefaultLogoutPageGeneratingFilter, BasicAuthenticationFilter, RequestCacheAwareFilter, SecurityContextHolderAwareRequestFilter, AnonymousAuthenticationFilter, ExceptionTranslationFilter, AuthorizationFilter
2025-06-15 08:45:40 [main] INFO  [o.a.coyote.http11.Http11NioProtocol] - Starting ProtocolHandler ["http-nio-8080"]
2025-06-15 08:45:40 [main] INFO  [o.s.b.w.e.tomcat.TomcatWebServer] - Tomcat started on port 8080 (http) with context path '/'
2025-06-15 08:45:40 [main] INFO  [c.s.t.TaskManagerApplication] - Started TaskManagerApplication in 5.852 seconds (process running for 6.252)
2025-06-15 08:45:40 [main] WARN  [c.s.t.config.DevDataSeeder] - 🌱 Seeding development database...
2025-06-15 08:45:40 [main] INFO  [c.s.t.TaskManagerApplication] - Task Manager Application started successfully!
2025-06-15 08:46:18 [SpringApplicationShutdownHook] INFO  [o.s.b.w.e.tomcat.GracefulShutdown] - Commencing graceful shutdown. Waiting for active requests to complete
2025-06-15 08:46:18 [tomcat-shutdown] INFO  [o.s.b.w.e.tomcat.GracefulShutdown] - Graceful shutdown complete
2025-06-15 08:46:18 [SpringApplicationShutdownHook] INFO  [o.s.o.j.LocalContainerEntityManagerFactoryBean] - Closing JPA EntityManagerFactory for persistence unit 'default'
2025-06-15 08:46:18 [SpringApplicationShutdownHook] INFO  [com.zaxxer.hikari.HikariDataSource] - HikariPool-1 - Shutdown initiated...
2025-06-15 08:46:18 [SpringApplicationShutdownHook] INFO  [com.zaxxer.hikari.HikariDataSource] - HikariPool-1 - Shutdown completed.
2025-06-15 08:46:21 [background-preinit] INFO  [o.h.validator.internal.util.Version] - HV000001: Hibernate Validator 8.0.2.Final
2025-06-15 08:46:21 [main] INFO  [c.s.t.TaskManagerApplication] - Starting TaskManagerApplication using Java 17.0.13 with PID 3557 (/Users/fivesmac/Documents/Personal/task-manager/target/classes started by fivesmac in /Users/fivesmac/Documents/Personal/task-manager)
2025-06-15 08:46:21 [main] INFO  [c.s.t.TaskManagerApplication] - The following 1 profile is active: "dev"
2025-06-15 08:46:22 [main] INFO  [o.s.d.r.c.RepositoryConfigurationDelegate] - Bootstrapping Spring Data JPA repositories in DEFAULT mode.
2025-06-15 08:46:22 [main] INFO  [o.s.d.r.c.RepositoryConfigurationDelegate] - Finished Spring Data repository scanning in 43 ms. Found 1 JPA repository interface.
2025-06-15 08:46:22 [main] INFO  [o.s.b.w.e.tomcat.TomcatWebServer] - Tomcat initialized with port 8080 (http)
2025-06-15 08:46:22 [main] INFO  [o.a.coyote.http11.Http11NioProtocol] - Initializing ProtocolHandler ["http-nio-8080"]
2025-06-15 08:46:22 [main] INFO  [o.a.catalina.core.StandardService] - Starting service [Tomcat]
2025-06-15 08:46:22 [main] INFO  [o.a.catalina.core.StandardEngine] - Starting Servlet engine: [Apache Tomcat/10.1.41]
2025-06-15 08:46:23 [main] INFO  [o.a.c.c.C.[Tomcat].[localhost].[/]] - Initializing Spring embedded WebApplicationContext
2025-06-15 08:46:23 [main] INFO  [o.s.b.w.s.c.ServletWebServerApplicationContext] - Root WebApplicationContext: initialization completed in 1406 ms
2025-06-15 08:46:23 [main] DEBUG [o.s.w.f.ServerHttpObservationFilter] - Filter 'webMvcObservationFilter' configured for use
2025-06-15 08:46:23 [main] INFO  [o.h.jpa.internal.util.LogHelper] - HHH000204: Processing PersistenceUnitInfo [name: default]
2025-06-15 08:46:23 [main] INFO  [org.hibernate.Version] - HHH000412: Hibernate ORM core version 6.6.15.Final
2025-06-15 08:46:23 [main] INFO  [o.h.c.i.RegionFactoryInitiator] - HHH000026: Second-level cache disabled
2025-06-15 08:46:23 [main] INFO  [o.s.o.j.p.SpringPersistenceUnitInfo] - No LoadTimeWeaver setup: ignoring JPA class transformer
2025-06-15 08:46:23 [main] INFO  [com.zaxxer.hikari.HikariDataSource] - HikariPool-1 - Starting...
2025-06-15 08:46:23 [main] INFO  [com.zaxxer.hikari.pool.HikariPool] - HikariPool-1 - Added connection org.postgresql.jdbc.PgConnection@4ff074a0
2025-06-15 08:46:23 [main] INFO  [com.zaxxer.hikari.HikariDataSource] - HikariPool-1 - Start completed.
2025-06-15 08:46:23 [main] INFO  [o.hibernate.orm.connections.pooling] - HHH10001005: Database info:
	Database JDBC URL [Connecting through datasource 'HikariDataSource (HikariPool-1)']
	Database driver: undefined/unknown
	Database version: 15.13
	Autocommit mode: undefined/unknown
	Isolation level: undefined/unknown
	Minimum pool size: undefined/unknown
	Maximum pool size: undefined/unknown
2025-06-15 08:46:24 [main] INFO  [o.h.e.t.j.p.i.JtaPlatformInitiator] - HHH000489: No JTA platform available (set 'hibernate.transaction.jta.platform' to enable JTA platform integration)
2025-06-15 08:46:24 [main] DEBUG [org.hibernate.SQL] - 
    create table users (
        id bigint generated by default as identity,
        created_at timestamp(6) not null,
        email varchar(100) not null,
        first_name varchar(50) not null,
        is_active boolean not null,
        is_email_verified boolean not null,
        last_login timestamp(6),
        last_name varchar(50) not null,
        password varchar(255) not null,
        phone_number varchar(20),
        role varchar(255) not null check (role in ('ADMIN','MANAGER','USER','GUEST')),
        updated_at timestamp(6) not null,
        username varchar(50) not null,
        primary key (id)
    )
2025-06-15 08:46:24 [main] DEBUG [org.hibernate.SQL] - 
    alter table if exists users 
       drop constraint if exists UKr43af9ap4edm43mmtq01oddj6
2025-06-15 08:46:24 [main] WARN  [o.h.e.jdbc.spi.SqlExceptionHelper] - SQL Warning Code: 0, SQLState: 00000
2025-06-15 08:46:24 [main] WARN  [o.h.e.jdbc.spi.SqlExceptionHelper] - constraint "ukr43af9ap4edm43mmtq01oddj6" of relation "users" does not exist, skipping
2025-06-15 08:46:24 [main] DEBUG [org.hibernate.SQL] - 
    alter table if exists users 
       add constraint UKr43af9ap4edm43mmtq01oddj6 unique (username)
2025-06-15 08:46:24 [main] DEBUG [org.hibernate.SQL] - 
    alter table if exists users 
       drop constraint if exists UK6dotkott2kjsp8vw4d0m25fb7
2025-06-15 08:46:24 [main] WARN  [o.h.e.jdbc.spi.SqlExceptionHelper] - SQL Warning Code: 0, SQLState: 00000
2025-06-15 08:46:24 [main] WARN  [o.h.e.jdbc.spi.SqlExceptionHelper] - constraint "uk6dotkott2kjsp8vw4d0m25fb7" of relation "users" does not exist, skipping
2025-06-15 08:46:24 [main] DEBUG [org.hibernate.SQL] - 
    alter table if exists users 
       add constraint UK6dotkott2kjsp8vw4d0m25fb7 unique (email)
2025-06-15 08:46:24 [main] INFO  [o.s.o.j.LocalContainerEntityManagerFactoryBean] - Initialized JPA EntityManagerFactory for persistence unit 'default'
2025-06-15 08:46:24 [main] INFO  [o.s.d.j.r.query.QueryEnhancerFactory] - Hibernate is in classpath; If applicable, HQL parser will be used.
2025-06-15 08:46:25 [main] WARN  [o.s.b.a.o.j.JpaBaseConfiguration$JpaWebConfiguration] - spring.jpa.open-in-view is enabled by default. Therefore, database queries may be performed during view rendering. Explicitly configure spring.jpa.open-in-view to disable this warning
2025-06-15 08:46:25 [main] DEBUG [o.s.w.s.m.m.a.RequestMappingHandlerMapping] - 21 mappings in 'requestMappingHandlerMapping'
2025-06-15 08:46:25 [main] DEBUG [o.s.w.s.h.SimpleUrlHandlerMapping] - Patterns [/webjars/**, /**] in 'resourceHandlerMapping'
2025-06-15 08:46:26 [main] DEBUG [o.s.w.s.m.m.a.RequestMappingHandlerAdapter] - ControllerAdvice beans: 0 @ModelAttribute, 0 @InitBinder, 1 RequestBodyAdvice, 1 ResponseBodyAdvice
2025-06-15 08:46:26 [main] DEBUG [o.s.w.s.m.m.a.ExceptionHandlerExceptionResolver] - ControllerAdvice beans: 1 @ExceptionHandler, 1 ResponseBodyAdvice
2025-06-15 08:46:26 [main] WARN  [o.s.b.a.s.s.UserDetailsServiceAutoConfiguration] - 

Using generated security password: 98834610-89b6-4071-a796-1ce102a71c40

This generated password is for development use only. Your security configuration must be updated before running your application in production.

2025-06-15 08:46:26 [main] INFO  [o.s.s.c.a.a.c.InitializeUserDetailsBeanManagerConfigurer$InitializeUserDetailsManagerConfigurer] - Global AuthenticationManager configured with UserDetailsService bean with name inMemoryUserDetailsManager
2025-06-15 08:46:26 [main] INFO  [o.s.b.a.e.web.EndpointLinksResolver] - Exposing 1 endpoint beneath base path '/actuator'
2025-06-15 08:46:26 [main] DEBUG [o.s.s.web.DefaultSecurityFilterChain] - Will secure any request with filters: DisableEncodeUrlFilter, WebAsyncManagerIntegrationFilter, SecurityContextHolderFilter, HeaderWriterFilter, CorsFilter, CsrfFilter, LogoutFilter, UsernamePasswordAuthenticationFilter, DefaultResourcesFilter, DefaultLoginPageGeneratingFilter, DefaultLogoutPageGeneratingFilter, BasicAuthenticationFilter, RequestCacheAwareFilter, SecurityContextHolderAwareRequestFilter, AnonymousAuthenticationFilter, ExceptionTranslationFilter, AuthorizationFilter
2025-06-15 08:46:26 [main] INFO  [o.a.coyote.http11.Http11NioProtocol] - Starting ProtocolHandler ["http-nio-8080"]
2025-06-15 08:46:26 [main] INFO  [o.s.b.w.e.tomcat.TomcatWebServer] - Tomcat started on port 8080 (http) with context path '/'
2025-06-15 08:46:26 [main] INFO  [c.s.t.TaskManagerApplication] - Started TaskManagerApplication in 5.514 seconds (process running for 5.91)
2025-06-15 08:46:26 [main] WARN  [c.s.t.config.DevDataSeeder] - 🌱 Seeding development database...
2025-06-15 08:46:26 [main] INFO  [c.s.t.TaskManagerApplication] - Task Manager Application started successfully!
2025-06-15 08:50:02 [HikariPool-1:housekeeper] WARN  [com.zaxxer.hikari.pool.HikariPool] - HikariPool-1 - Thread starvation or clock leap detected (housekeeper delta=1m38s797ms).
2025-06-15 09:02:56 [HikariPool-1:housekeeper] WARN  [com.zaxxer.hikari.pool.HikariPool] - HikariPool-1 - Thread starvation or clock leap detected (housekeeper delta=6m23s409ms).
2025-06-15 09:13:56 [SpringApplicationShutdownHook] INFO  [o.s.b.w.e.tomcat.GracefulShutdown] - Commencing graceful shutdown. Waiting for active requests to complete
2025-06-15 09:13:56 [tomcat-shutdown] INFO  [o.s.b.w.e.tomcat.GracefulShutdown] - Graceful shutdown complete
2025-06-15 09:13:56 [SpringApplicationShutdownHook] INFO  [o.s.o.j.LocalContainerEntityManagerFactoryBean] - Closing JPA EntityManagerFactory for persistence unit 'default'
2025-06-15 09:13:56 [SpringApplicationShutdownHook] INFO  [com.zaxxer.hikari.HikariDataSource] - HikariPool-1 - Shutdown initiated...
2025-06-15 09:13:56 [SpringApplicationShutdownHook] INFO  [com.zaxxer.hikari.HikariDataSource] - HikariPool-1 - Shutdown completed.
2025-06-15 09:14:01 [background-preinit] INFO  [o.h.validator.internal.util.Version] - HV000001: Hibernate Validator 8.0.2.Final
2025-06-15 09:14:01 [main] INFO  [c.s.t.TaskManagerApplication] - Starting TaskManagerApplication using Java 17.0.13 with PID 4269 (/Users/fivesmac/Documents/Personal/task-manager/target/classes started by fivesmac in /Users/fivesmac/Documents/Personal/task-manager)
2025-06-15 09:14:01 [main] INFO  [c.s.t.TaskManagerApplication] - The following 1 profile is active: "dev"
2025-06-15 09:14:02 [main] INFO  [o.s.d.r.c.RepositoryConfigurationDelegate] - Bootstrapping Spring Data JPA repositories in DEFAULT mode.
2025-06-15 09:14:02 [main] INFO  [o.s.d.r.c.RepositoryConfigurationDelegate] - Finished Spring Data repository scanning in 36 ms. Found 1 JPA repository interface.
2025-06-15 09:14:03 [main] INFO  [o.s.b.w.e.tomcat.TomcatWebServer] - Tomcat initialized with port 8080 (http)
2025-06-15 09:14:03 [main] INFO  [o.a.coyote.http11.Http11NioProtocol] - Initializing ProtocolHandler ["http-nio-8080"]
2025-06-15 09:14:03 [main] INFO  [o.a.catalina.core.StandardService] - Starting service [Tomcat]
2025-06-15 09:14:03 [main] INFO  [o.a.catalina.core.StandardEngine] - Starting Servlet engine: [Apache Tomcat/10.1.41]
2025-06-15 09:14:03 [main] INFO  [o.a.c.c.C.[Tomcat].[localhost].[/]] - Initializing Spring embedded WebApplicationContext
2025-06-15 09:14:03 [main] INFO  [o.s.b.w.s.c.ServletWebServerApplicationContext] - Root WebApplicationContext: initialization completed in 1549 ms
2025-06-15 09:14:03 [main] DEBUG [o.s.w.f.ServerHttpObservationFilter] - Filter 'webMvcObservationFilter' configured for use
2025-06-15 09:14:03 [main] INFO  [o.h.jpa.internal.util.LogHelper] - HHH000204: Processing PersistenceUnitInfo [name: default]
2025-06-15 09:14:03 [main] INFO  [org.hibernate.Version] - HHH000412: Hibernate ORM core version 6.6.15.Final
2025-06-15 09:14:03 [main] INFO  [o.h.c.i.RegionFactoryInitiator] - HHH000026: Second-level cache disabled
2025-06-15 09:14:03 [main] INFO  [o.s.o.j.p.SpringPersistenceUnitInfo] - No LoadTimeWeaver setup: ignoring JPA class transformer
2025-06-15 09:14:03 [main] INFO  [com.zaxxer.hikari.HikariDataSource] - HikariPool-1 - Starting...
2025-06-15 09:14:03 [main] INFO  [com.zaxxer.hikari.pool.HikariPool] - HikariPool-1 - Added connection org.postgresql.jdbc.PgConnection@534fc1f7
2025-06-15 09:14:03 [main] INFO  [com.zaxxer.hikari.HikariDataSource] - HikariPool-1 - Start completed.
2025-06-15 09:14:03 [main] INFO  [o.hibernate.orm.connections.pooling] - HHH10001005: Database info:
	Database JDBC URL [Connecting through datasource 'HikariDataSource (HikariPool-1)']
	Database driver: undefined/unknown
	Database version: 15.13
	Autocommit mode: undefined/unknown
	Isolation level: undefined/unknown
	Minimum pool size: undefined/unknown
	Maximum pool size: undefined/unknown
2025-06-15 09:14:04 [main] INFO  [o.h.e.t.j.p.i.JtaPlatformInitiator] - HHH000489: No JTA platform available (set 'hibernate.transaction.jta.platform' to enable JTA platform integration)
2025-06-15 09:14:04 [main] INFO  [o.s.o.j.LocalContainerEntityManagerFactoryBean] - Initialized JPA EntityManagerFactory for persistence unit 'default'
2025-06-15 09:14:04 [main] INFO  [o.s.d.j.r.query.QueryEnhancerFactory] - Hibernate is in classpath; If applicable, HQL parser will be used.
2025-06-15 09:14:05 [main] WARN  [o.s.b.a.o.j.JpaBaseConfiguration$JpaWebConfiguration] - spring.jpa.open-in-view is enabled by default. Therefore, database queries may be performed during view rendering. Explicitly configure spring.jpa.open-in-view to disable this warning
2025-06-15 09:14:05 [main] DEBUG [o.s.w.s.m.m.a.RequestMappingHandlerMapping] - 25 mappings in 'requestMappingHandlerMapping'
2025-06-15 09:14:06 [main] DEBUG [o.s.w.s.h.SimpleUrlHandlerMapping] - Patterns [/webjars/**, /**, /swagger-ui*/*swagger-initializer.js, /swagger-ui*/**] in 'resourceHandlerMapping'
2025-06-15 09:14:06 [main] DEBUG [o.s.w.s.m.m.a.RequestMappingHandlerAdapter] - ControllerAdvice beans: 0 @ModelAttribute, 0 @InitBinder, 1 RequestBodyAdvice, 1 ResponseBodyAdvice
2025-06-15 09:14:06 [main] DEBUG [o.s.w.s.m.m.a.ExceptionHandlerExceptionResolver] - ControllerAdvice beans: 2 @ExceptionHandler, 1 ResponseBodyAdvice
2025-06-15 09:14:06 [main] WARN  [o.s.b.a.s.s.UserDetailsServiceAutoConfiguration] - 

Using generated security password: fadabd1f-33ca-4b9e-ae7e-03e5aca58799

This generated password is for development use only. Your security configuration must be updated before running your application in production.

2025-06-15 09:14:06 [main] INFO  [o.s.s.c.a.a.c.InitializeUserDetailsBeanManagerConfigurer$InitializeUserDetailsManagerConfigurer] - Global AuthenticationManager configured with UserDetailsService bean with name inMemoryUserDetailsManager
2025-06-15 09:14:06 [main] INFO  [o.s.b.a.e.web.EndpointLinksResolver] - Exposing 1 endpoint beneath base path '/actuator'
2025-06-15 09:14:06 [main] DEBUG [o.s.s.web.DefaultSecurityFilterChain] - Will secure any request with filters: DisableEncodeUrlFilter, WebAsyncManagerIntegrationFilter, SecurityContextHolderFilter, HeaderWriterFilter, CorsFilter, CsrfFilter, LogoutFilter, UsernamePasswordAuthenticationFilter, DefaultResourcesFilter, DefaultLoginPageGeneratingFilter, DefaultLogoutPageGeneratingFilter, BasicAuthenticationFilter, RequestCacheAwareFilter, SecurityContextHolderAwareRequestFilter, AnonymousAuthenticationFilter, ExceptionTranslationFilter, AuthorizationFilter
2025-06-15 09:14:06 [main] INFO  [o.a.coyote.http11.Http11NioProtocol] - Starting ProtocolHandler ["http-nio-8080"]
2025-06-15 09:14:06 [main] INFO  [o.s.b.w.e.tomcat.TomcatWebServer] - Tomcat started on port 8080 (http) with context path '/'
2025-06-15 09:14:06 [main] INFO  [c.s.t.TaskManagerApplication] - Started TaskManagerApplication in 5.606 seconds (process running for 5.983)
2025-06-15 09:14:06 [main] WARN  [c.s.t.config.DevDataSeeder] - 🌱 Seeding development database...
2025-06-15 09:14:06 [main] INFO  [c.s.t.TaskManagerApplication] - Task Manager Application started successfully!
2025-06-15 09:14:19 [http-nio-8080-exec-1] INFO  [o.a.c.c.C.[Tomcat].[localhost].[/]] - Initializing Spring DispatcherServlet 'dispatcherServlet'
2025-06-15 09:14:19 [http-nio-8080-exec-1] INFO  [o.s.web.servlet.DispatcherServlet] - Initializing Servlet 'dispatcherServlet'
2025-06-15 09:14:19 [http-nio-8080-exec-1] DEBUG [o.s.web.servlet.DispatcherServlet] - Detected StandardServletMultipartResolver
2025-06-15 09:14:19 [http-nio-8080-exec-1] DEBUG [o.s.web.servlet.DispatcherServlet] - Detected AcceptHeaderLocaleResolver
2025-06-15 09:14:19 [http-nio-8080-exec-1] DEBUG [o.s.web.servlet.DispatcherServlet] - Detected FixedThemeResolver
2025-06-15 09:14:19 [http-nio-8080-exec-1] DEBUG [o.s.web.servlet.DispatcherServlet] - Detected org.springframework.web.servlet.view.DefaultRequestToViewNameTranslator@7bca96d6
2025-06-15 09:14:19 [http-nio-8080-exec-1] DEBUG [o.s.web.servlet.DispatcherServlet] - Detected org.springframework.web.servlet.support.SessionFlashMapManager@67b68dc3
2025-06-15 09:14:19 [http-nio-8080-exec-1] DEBUG [o.s.web.servlet.DispatcherServlet] - enableLoggingRequestDetails='false': request parameters and headers will be masked to prevent unsafe logging of potentially sensitive data
2025-06-15 09:14:19 [http-nio-8080-exec-1] INFO  [o.s.web.servlet.DispatcherServlet] - Completed initialization in 2 ms
2025-06-15 09:14:19 [http-nio-8080-exec-1] DEBUG [o.s.security.web.FilterChainProxy] - Securing GET /swagger-ui/index.html
2025-06-15 09:14:19 [http-nio-8080-exec-1] DEBUG [o.s.s.w.a.AnonymousAuthenticationFilter] - Set SecurityContextHolder to anonymous SecurityContext
2025-06-15 09:14:19 [http-nio-8080-exec-1] DEBUG [o.s.s.w.s.HttpSessionRequestCache] - Saved request http://localhost:8080/swagger-ui/index.html?continue to session
2025-06-15 09:14:19 [http-nio-8080-exec-1] DEBUG [o.s.s.w.a.DelegatingAuthenticationEntryPoint] - Trying to match using And [Not [RequestHeaderRequestMatcher [expectedHeaderName=X-Requested-With, expectedHeaderValue=XMLHttpRequest]], MediaTypeRequestMatcher [contentNegotiationStrategy=org.springframework.web.accept.ContentNegotiationManager@6685d5e4, matchingMediaTypes=[application/xhtml+xml, image/*, text/html, text/plain], useEquals=false, ignoredMediaTypes=[*/*]]]
2025-06-15 09:14:19 [http-nio-8080-exec-1] DEBUG [o.s.s.w.a.DelegatingAuthenticationEntryPoint] - Match found! Executing org.springframework.security.web.authentication.LoginUrlAuthenticationEntryPoint@2202eee0
2025-06-15 09:14:19 [http-nio-8080-exec-1] DEBUG [o.s.s.web.DefaultRedirectStrategy] - Redirecting to http://localhost:8080/login
2025-06-15 09:14:19 [http-nio-8080-exec-2] DEBUG [o.s.security.web.FilterChainProxy] - Securing GET /login
2025-06-15 09:14:19 [http-nio-8080-exec-3] DEBUG [o.s.security.web.FilterChainProxy] - Securing GET /default-ui.css
2025-06-15 09:14:19 [http-nio-8080-exec-4] DEBUG [o.s.security.web.FilterChainProxy] - Securing GET /favicon.ico
2025-06-15 09:14:19 [http-nio-8080-exec-4] DEBUG [o.s.s.w.a.AnonymousAuthenticationFilter] - Set SecurityContextHolder to anonymous SecurityContext
2025-06-15 09:14:19 [http-nio-8080-exec-4] DEBUG [o.s.s.w.a.DelegatingAuthenticationEntryPoint] - Trying to match using And [Not [RequestHeaderRequestMatcher [expectedHeaderName=X-Requested-With, expectedHeaderValue=XMLHttpRequest]], MediaTypeRequestMatcher [contentNegotiationStrategy=org.springframework.web.accept.ContentNegotiationManager@6685d5e4, matchingMediaTypes=[application/xhtml+xml, image/*, text/html, text/plain], useEquals=false, ignoredMediaTypes=[*/*]]]
2025-06-15 09:14:19 [http-nio-8080-exec-4] DEBUG [o.s.s.w.a.DelegatingAuthenticationEntryPoint] - Match found! Executing org.springframework.security.web.authentication.LoginUrlAuthenticationEntryPoint@2202eee0
2025-06-15 09:14:19 [http-nio-8080-exec-4] DEBUG [o.s.s.web.DefaultRedirectStrategy] - Redirecting to http://localhost:8080/login
2025-06-15 09:14:19 [http-nio-8080-exec-5] DEBUG [o.s.security.web.FilterChainProxy] - Securing GET /login
2025-06-15 09:14:35 [http-nio-8080-exec-6] DEBUG [o.s.security.web.FilterChainProxy] - Securing GET /login
2025-06-15 09:14:35 [http-nio-8080-exec-7] DEBUG [o.s.security.web.FilterChainProxy] - Securing GET /login
2025-06-15 09:14:35 [http-nio-8080-exec-8] DEBUG [o.s.security.web.FilterChainProxy] - Securing GET /default-ui.css
2025-06-15 09:14:35 [http-nio-8080-exec-9] DEBUG [o.s.security.web.FilterChainProxy] - Securing GET /default-ui.css
2025-06-15 09:14:35 [http-nio-8080-exec-10] DEBUG [o.s.security.web.FilterChainProxy] - Securing GET /favicon.ico
2025-06-15 09:14:35 [http-nio-8080-exec-10] DEBUG [o.s.s.w.a.AnonymousAuthenticationFilter] - Set SecurityContextHolder to anonymous SecurityContext
2025-06-15 09:14:35 [http-nio-8080-exec-10] DEBUG [o.s.s.w.a.DelegatingAuthenticationEntryPoint] - Trying to match using And [Not [RequestHeaderRequestMatcher [expectedHeaderName=X-Requested-With, expectedHeaderValue=XMLHttpRequest]], MediaTypeRequestMatcher [contentNegotiationStrategy=org.springframework.web.accept.ContentNegotiationManager@6685d5e4, matchingMediaTypes=[application/xhtml+xml, image/*, text/html, text/plain], useEquals=false, ignoredMediaTypes=[*/*]]]
2025-06-15 09:14:35 [http-nio-8080-exec-10] DEBUG [o.s.s.w.a.DelegatingAuthenticationEntryPoint] - Match found! Executing org.springframework.security.web.authentication.LoginUrlAuthenticationEntryPoint@2202eee0
2025-06-15 09:14:35 [http-nio-8080-exec-10] DEBUG [o.s.s.web.DefaultRedirectStrategy] - Redirecting to http://localhost:8080/login
2025-06-15 09:14:35 [http-nio-8080-exec-1] DEBUG [o.s.security.web.FilterChainProxy] - Securing GET /login
2025-06-15 09:14:35 [http-nio-8080-exec-2] DEBUG [o.s.security.web.FilterChainProxy] - Securing GET /favicon.ico
2025-06-15 09:14:35 [http-nio-8080-exec-2] DEBUG [o.s.s.w.a.AnonymousAuthenticationFilter] - Set SecurityContextHolder to anonymous SecurityContext
2025-06-15 09:14:35 [http-nio-8080-exec-2] DEBUG [o.s.s.w.a.DelegatingAuthenticationEntryPoint] - Trying to match using And [Not [RequestHeaderRequestMatcher [expectedHeaderName=X-Requested-With, expectedHeaderValue=XMLHttpRequest]], MediaTypeRequestMatcher [contentNegotiationStrategy=org.springframework.web.accept.ContentNegotiationManager@6685d5e4, matchingMediaTypes=[application/xhtml+xml, image/*, text/html, text/plain], useEquals=false, ignoredMediaTypes=[*/*]]]
2025-06-15 09:14:35 [http-nio-8080-exec-2] DEBUG [o.s.s.w.a.DelegatingAuthenticationEntryPoint] - Match found! Executing org.springframework.security.web.authentication.LoginUrlAuthenticationEntryPoint@2202eee0
2025-06-15 09:14:35 [http-nio-8080-exec-2] DEBUG [o.s.s.web.DefaultRedirectStrategy] - Redirecting to http://localhost:8080/login
2025-06-15 09:14:35 [http-nio-8080-exec-3] DEBUG [o.s.security.web.FilterChainProxy] - Securing GET /login
2025-06-15 09:52:19 [HikariPool-1:housekeeper] WARN  [com.zaxxer.hikari.pool.HikariPool] - HikariPool-1 - Thread starvation or clock leap detected (housekeeper delta=33m15s33ms).
2025-06-15 09:52:25 [http-nio-8080-exec-6] DEBUG [o.s.security.web.FilterChainProxy] - Securing GET /login
2025-06-15 09:52:25 [http-nio-8080-exec-7] DEBUG [o.s.security.web.FilterChainProxy] - Securing GET /default-ui.css
2025-06-15 09:52:25 [http-nio-8080-exec-8] DEBUG [o.s.security.web.FilterChainProxy] - Securing GET /favicon.ico
2025-06-15 09:52:25 [http-nio-8080-exec-8] DEBUG [o.s.s.w.a.AnonymousAuthenticationFilter] - Set SecurityContextHolder to anonymous SecurityContext
2025-06-15 09:52:25 [http-nio-8080-exec-8] DEBUG [o.s.s.w.a.DelegatingAuthenticationEntryPoint] - Trying to match using And [Not [RequestHeaderRequestMatcher [expectedHeaderName=X-Requested-With, expectedHeaderValue=XMLHttpRequest]], MediaTypeRequestMatcher [contentNegotiationStrategy=org.springframework.web.accept.ContentNegotiationManager@6685d5e4, matchingMediaTypes=[application/xhtml+xml, image/*, text/html, text/plain], useEquals=false, ignoredMediaTypes=[*/*]]]
2025-06-15 09:52:25 [http-nio-8080-exec-8] DEBUG [o.s.s.w.a.DelegatingAuthenticationEntryPoint] - Match found! Executing org.springframework.security.web.authentication.LoginUrlAuthenticationEntryPoint@2202eee0
2025-06-15 09:52:25 [http-nio-8080-exec-8] DEBUG [o.s.s.web.DefaultRedirectStrategy] - Redirecting to http://localhost:8080/login
2025-06-15 09:52:25 [http-nio-8080-exec-9] DEBUG [o.s.security.web.FilterChainProxy] - Securing GET /login
2025-06-15 09:52:26 [http-nio-8080-exec-10] DEBUG [o.s.security.web.FilterChainProxy] - Securing GET /login
2025-06-15 09:52:26 [http-nio-8080-exec-1] DEBUG [o.s.security.web.FilterChainProxy] - Securing GET /default-ui.css
2025-06-15 09:52:26 [http-nio-8080-exec-2] DEBUG [o.s.security.web.FilterChainProxy] - Securing GET /favicon.ico
2025-06-15 09:52:26 [http-nio-8080-exec-2] DEBUG [o.s.s.w.a.AnonymousAuthenticationFilter] - Set SecurityContextHolder to anonymous SecurityContext
2025-06-15 09:52:26 [http-nio-8080-exec-2] DEBUG [o.s.s.w.a.DelegatingAuthenticationEntryPoint] - Trying to match using And [Not [RequestHeaderRequestMatcher [expectedHeaderName=X-Requested-With, expectedHeaderValue=XMLHttpRequest]], MediaTypeRequestMatcher [contentNegotiationStrategy=org.springframework.web.accept.ContentNegotiationManager@6685d5e4, matchingMediaTypes=[application/xhtml+xml, image/*, text/html, text/plain], useEquals=false, ignoredMediaTypes=[*/*]]]
2025-06-15 09:52:26 [http-nio-8080-exec-2] DEBUG [o.s.s.w.a.DelegatingAuthenticationEntryPoint] - Match found! Executing org.springframework.security.web.authentication.LoginUrlAuthenticationEntryPoint@2202eee0
2025-06-15 09:52:26 [http-nio-8080-exec-2] DEBUG [o.s.s.web.DefaultRedirectStrategy] - Redirecting to http://localhost:8080/login
2025-06-15 09:52:26 [http-nio-8080-exec-3] DEBUG [o.s.security.web.FilterChainProxy] - Securing GET /login
2025-06-15 09:52:47 [http-nio-8080-exec-4] DEBUG [o.s.security.web.FilterChainProxy] - Securing GET /v3/api-docs
2025-06-15 09:52:47 [http-nio-8080-exec-4] DEBUG [o.s.s.w.a.AnonymousAuthenticationFilter] - Set SecurityContextHolder to anonymous SecurityContext
2025-06-15 09:52:47 [http-nio-8080-exec-4] DEBUG [o.s.s.w.s.HttpSessionRequestCache] - Saved request http://localhost:8080/v3/api-docs?continue to session
2025-06-15 09:52:47 [http-nio-8080-exec-4] DEBUG [o.s.s.w.a.DelegatingAuthenticationEntryPoint] - Trying to match using And [Not [RequestHeaderRequestMatcher [expectedHeaderName=X-Requested-With, expectedHeaderValue=XMLHttpRequest]], MediaTypeRequestMatcher [contentNegotiationStrategy=org.springframework.web.accept.ContentNegotiationManager@6685d5e4, matchingMediaTypes=[application/xhtml+xml, image/*, text/html, text/plain], useEquals=false, ignoredMediaTypes=[*/*]]]
2025-06-15 09:52:47 [http-nio-8080-exec-4] DEBUG [o.s.s.w.a.DelegatingAuthenticationEntryPoint] - Match found! Executing org.springframework.security.web.authentication.LoginUrlAuthenticationEntryPoint@2202eee0
2025-06-15 09:52:47 [http-nio-8080-exec-4] DEBUG [o.s.s.web.DefaultRedirectStrategy] - Redirecting to http://localhost:8080/login
2025-06-15 09:52:47 [http-nio-8080-exec-5] DEBUG [o.s.security.web.FilterChainProxy] - Securing GET /login
2025-06-15 09:52:47 [http-nio-8080-exec-6] DEBUG [o.s.security.web.FilterChainProxy] - Securing GET /default-ui.css
2025-06-15 09:52:47 [http-nio-8080-exec-7] DEBUG [o.s.security.web.FilterChainProxy] - Securing GET /favicon.ico
2025-06-15 09:52:47 [http-nio-8080-exec-7] DEBUG [o.s.s.w.a.AnonymousAuthenticationFilter] - Set SecurityContextHolder to anonymous SecurityContext
2025-06-15 09:52:47 [http-nio-8080-exec-7] DEBUG [o.s.s.w.a.DelegatingAuthenticationEntryPoint] - Trying to match using And [Not [RequestHeaderRequestMatcher [expectedHeaderName=X-Requested-With, expectedHeaderValue=XMLHttpRequest]], MediaTypeRequestMatcher [contentNegotiationStrategy=org.springframework.web.accept.ContentNegotiationManager@6685d5e4, matchingMediaTypes=[application/xhtml+xml, image/*, text/html, text/plain], useEquals=false, ignoredMediaTypes=[*/*]]]
2025-06-15 09:52:47 [http-nio-8080-exec-7] DEBUG [o.s.s.w.a.DelegatingAuthenticationEntryPoint] - Match found! Executing org.springframework.security.web.authentication.LoginUrlAuthenticationEntryPoint@2202eee0
2025-06-15 09:52:47 [http-nio-8080-exec-7] DEBUG [o.s.s.web.DefaultRedirectStrategy] - Redirecting to http://localhost:8080/login
2025-06-15 09:52:47 [http-nio-8080-exec-8] DEBUG [o.s.security.web.FilterChainProxy] - Securing GET /login
2025-06-15 09:52:55 [http-nio-8080-exec-9] DEBUG [o.s.security.web.FilterChainProxy] - Securing POST /login
2025-06-15 09:52:55 [http-nio-8080-exec-9] DEBUG [o.s.s.a.d.DaoAuthenticationProvider] - Failed to find user 'one'
2025-06-15 09:52:55 [http-nio-8080-exec-9] DEBUG [o.s.s.authentication.ProviderManager] - Authentication failed with provider DaoAuthenticationProvider since Bad credentials
2025-06-15 09:52:55 [http-nio-8080-exec-9] DEBUG [o.s.s.authentication.ProviderManager] - Denying authentication since all attempted providers failed
2025-06-15 09:52:55 [http-nio-8080-exec-9] DEBUG [o.s.s.web.DefaultRedirectStrategy] - Redirecting to /login?error
2025-06-15 09:52:55 [http-nio-8080-exec-10] DEBUG [o.s.security.web.FilterChainProxy] - Securing GET /login?error
2025-06-15 09:52:55 [http-nio-8080-exec-1] DEBUG [o.s.security.web.FilterChainProxy] - Securing GET /default-ui.css
2025-06-15 09:52:55 [http-nio-8080-exec-2] DEBUG [o.s.security.web.FilterChainProxy] - Securing GET /favicon.ico
2025-06-15 09:52:55 [http-nio-8080-exec-2] DEBUG [o.s.s.w.a.AnonymousAuthenticationFilter] - Set SecurityContextHolder to anonymous SecurityContext
2025-06-15 09:52:55 [http-nio-8080-exec-2] DEBUG [o.s.s.w.a.DelegatingAuthenticationEntryPoint] - Trying to match using And [Not [RequestHeaderRequestMatcher [expectedHeaderName=X-Requested-With, expectedHeaderValue=XMLHttpRequest]], MediaTypeRequestMatcher [contentNegotiationStrategy=org.springframework.web.accept.ContentNegotiationManager@6685d5e4, matchingMediaTypes=[application/xhtml+xml, image/*, text/html, text/plain], useEquals=false, ignoredMediaTypes=[*/*]]]
2025-06-15 09:52:55 [http-nio-8080-exec-2] DEBUG [o.s.s.w.a.DelegatingAuthenticationEntryPoint] - Match found! Executing org.springframework.security.web.authentication.LoginUrlAuthenticationEntryPoint@2202eee0
2025-06-15 09:52:55 [http-nio-8080-exec-2] DEBUG [o.s.s.web.DefaultRedirectStrategy] - Redirecting to http://localhost:8080/login
2025-06-15 09:52:55 [http-nio-8080-exec-3] DEBUG [o.s.security.web.FilterChainProxy] - Securing GET /login
2025-06-15 09:53:42 [SpringApplicationShutdownHook] INFO  [o.s.b.w.e.tomcat.GracefulShutdown] - Commencing graceful shutdown. Waiting for active requests to complete
2025-06-15 09:53:42 [tomcat-shutdown] INFO  [o.s.b.w.e.tomcat.GracefulShutdown] - Graceful shutdown complete
2025-06-15 09:53:42 [SpringApplicationShutdownHook] INFO  [o.s.o.j.LocalContainerEntityManagerFactoryBean] - Closing JPA EntityManagerFactory for persistence unit 'default'
2025-06-15 09:53:42 [SpringApplicationShutdownHook] INFO  [com.zaxxer.hikari.HikariDataSource] - HikariPool-1 - Shutdown initiated...
2025-06-15 09:53:42 [SpringApplicationShutdownHook] INFO  [com.zaxxer.hikari.HikariDataSource] - HikariPool-1 - Shutdown completed.
2025-06-15 09:53:46 [background-preinit] INFO  [o.h.validator.internal.util.Version] - HV000001: Hibernate Validator 8.0.2.Final
2025-06-15 09:53:46 [main] INFO  [c.s.t.TaskManagerApplication] - Starting TaskManagerApplication using Java 17.0.13 with PID 4414 (/Users/fivesmac/Documents/Personal/task-manager/target/classes started by fivesmac in /Users/fivesmac/Documents/Personal/task-manager)
2025-06-15 09:53:46 [main] INFO  [c.s.t.TaskManagerApplication] - The following 1 profile is active: "dev"
2025-06-15 09:53:47 [main] INFO  [o.s.d.r.c.RepositoryConfigurationDelegate] - Bootstrapping Spring Data JPA repositories in DEFAULT mode.
2025-06-15 09:53:47 [main] INFO  [o.s.d.r.c.RepositoryConfigurationDelegate] - Finished Spring Data repository scanning in 56 ms. Found 1 JPA repository interface.
2025-06-15 09:53:47 [main] INFO  [o.s.b.w.e.tomcat.TomcatWebServer] - Tomcat initialized with port 8080 (http)
2025-06-15 09:53:47 [main] INFO  [o.a.coyote.http11.Http11NioProtocol] - Initializing ProtocolHandler ["http-nio-8080"]
2025-06-15 09:53:47 [main] INFO  [o.a.catalina.core.StandardService] - Starting service [Tomcat]
2025-06-15 09:53:47 [main] INFO  [o.a.catalina.core.StandardEngine] - Starting Servlet engine: [Apache Tomcat/10.1.41]
2025-06-15 09:53:47 [main] INFO  [o.a.c.c.C.[Tomcat].[localhost].[/]] - Initializing Spring embedded WebApplicationContext
2025-06-15 09:53:47 [main] INFO  [o.s.b.w.s.c.ServletWebServerApplicationContext] - Root WebApplicationContext: initialization completed in 1772 ms
2025-06-15 09:53:48 [main] DEBUG [o.s.w.f.ServerHttpObservationFilter] - Filter 'webMvcObservationFilter' configured for use
2025-06-15 09:53:48 [main] INFO  [o.h.jpa.internal.util.LogHelper] - HHH000204: Processing PersistenceUnitInfo [name: default]
2025-06-15 09:53:48 [main] INFO  [org.hibernate.Version] - HHH000412: Hibernate ORM core version 6.6.15.Final
2025-06-15 09:53:48 [main] INFO  [o.h.c.i.RegionFactoryInitiator] - HHH000026: Second-level cache disabled
2025-06-15 09:53:48 [main] INFO  [o.s.o.j.p.SpringPersistenceUnitInfo] - No LoadTimeWeaver setup: ignoring JPA class transformer
2025-06-15 09:53:48 [main] INFO  [com.zaxxer.hikari.HikariDataSource] - HikariPool-1 - Starting...
2025-06-15 09:53:48 [main] INFO  [com.zaxxer.hikari.pool.HikariPool] - HikariPool-1 - Added connection org.postgresql.jdbc.PgConnection@534fc1f7
2025-06-15 09:53:48 [main] INFO  [com.zaxxer.hikari.HikariDataSource] - HikariPool-1 - Start completed.
2025-06-15 09:53:48 [main] INFO  [o.hibernate.orm.connections.pooling] - HHH10001005: Database info:
	Database JDBC URL [Connecting through datasource 'HikariDataSource (HikariPool-1)']
	Database driver: undefined/unknown
	Database version: 15.13
	Autocommit mode: undefined/unknown
	Isolation level: undefined/unknown
	Minimum pool size: undefined/unknown
	Maximum pool size: undefined/unknown
2025-06-15 09:53:49 [main] INFO  [o.h.e.t.j.p.i.JtaPlatformInitiator] - HHH000489: No JTA platform available (set 'hibernate.transaction.jta.platform' to enable JTA platform integration)
2025-06-15 09:53:49 [main] INFO  [o.s.o.j.LocalContainerEntityManagerFactoryBean] - Initialized JPA EntityManagerFactory for persistence unit 'default'
2025-06-15 09:53:50 [main] INFO  [o.s.d.j.r.query.QueryEnhancerFactory] - Hibernate is in classpath; If applicable, HQL parser will be used.
2025-06-15 09:53:50 [main] WARN  [o.s.b.a.o.j.JpaBaseConfiguration$JpaWebConfiguration] - spring.jpa.open-in-view is enabled by default. Therefore, database queries may be performed during view rendering. Explicitly configure spring.jpa.open-in-view to disable this warning
2025-06-15 09:53:51 [main] DEBUG [o.s.w.s.m.m.a.RequestMappingHandlerMapping] - 25 mappings in 'requestMappingHandlerMapping'
2025-06-15 09:53:51 [main] DEBUG [o.s.w.s.h.SimpleUrlHandlerMapping] - Patterns [/webjars/**, /**, /swagger-ui*/*swagger-initializer.js, /swagger-ui*/**] in 'resourceHandlerMapping'
2025-06-15 09:53:51 [main] DEBUG [o.s.w.s.m.m.a.RequestMappingHandlerAdapter] - ControllerAdvice beans: 0 @ModelAttribute, 0 @InitBinder, 1 RequestBodyAdvice, 1 ResponseBodyAdvice
2025-06-15 09:53:51 [main] DEBUG [o.s.w.s.m.m.a.ExceptionHandlerExceptionResolver] - ControllerAdvice beans: 2 @ExceptionHandler, 1 ResponseBodyAdvice
2025-06-15 09:53:51 [main] WARN  [o.s.b.a.s.s.UserDetailsServiceAutoConfiguration] - 

Using generated security password: 808d7de8-a446-41c7-9314-c3f9c76b4bd0

This generated password is for development use only. Your security configuration must be updated before running your application in production.

2025-06-15 09:53:51 [main] INFO  [o.s.s.c.a.a.c.InitializeUserDetailsBeanManagerConfigurer$InitializeUserDetailsManagerConfigurer] - Global AuthenticationManager configured with UserDetailsService bean with name inMemoryUserDetailsManager
2025-06-15 09:53:51 [main] INFO  [o.s.b.a.e.web.EndpointLinksResolver] - Exposing 1 endpoint beneath base path '/actuator'
2025-06-15 09:53:51 [main] DEBUG [o.s.s.web.DefaultSecurityFilterChain] - Will secure any request with filters: DisableEncodeUrlFilter, WebAsyncManagerIntegrationFilter, SecurityContextHolderFilter, HeaderWriterFilter, CorsFilter, CsrfFilter, LogoutFilter, UsernamePasswordAuthenticationFilter, DefaultResourcesFilter, DefaultLoginPageGeneratingFilter, DefaultLogoutPageGeneratingFilter, BasicAuthenticationFilter, RequestCacheAwareFilter, SecurityContextHolderAwareRequestFilter, AnonymousAuthenticationFilter, ExceptionTranslationFilter, AuthorizationFilter
2025-06-15 09:53:51 [main] INFO  [o.a.coyote.http11.Http11NioProtocol] - Starting ProtocolHandler ["http-nio-8080"]
2025-06-15 09:53:51 [main] INFO  [o.s.b.w.e.tomcat.TomcatWebServer] - Tomcat started on port 8080 (http) with context path '/'
2025-06-15 09:53:51 [main] INFO  [c.s.t.TaskManagerApplication] - Started TaskManagerApplication in 6.163 seconds (process running for 6.564)
2025-06-15 09:53:51 [main] WARN  [c.s.t.config.DevDataSeeder] - 🌱 Seeding development database...
2025-06-15 09:53:51 [main] INFO  [c.s.t.TaskManagerApplication] - Task Manager Application started successfully!
2025-06-15 09:54:09 [http-nio-8080-exec-1] INFO  [o.a.c.c.C.[Tomcat].[localhost].[/]] - Initializing Spring DispatcherServlet 'dispatcherServlet'
2025-06-15 09:54:09 [http-nio-8080-exec-1] INFO  [o.s.web.servlet.DispatcherServlet] - Initializing Servlet 'dispatcherServlet'
2025-06-15 09:54:09 [http-nio-8080-exec-1] DEBUG [o.s.web.servlet.DispatcherServlet] - Detected StandardServletMultipartResolver
2025-06-15 09:54:09 [http-nio-8080-exec-1] DEBUG [o.s.web.servlet.DispatcherServlet] - Detected AcceptHeaderLocaleResolver
2025-06-15 09:54:09 [http-nio-8080-exec-1] DEBUG [o.s.web.servlet.DispatcherServlet] - Detected FixedThemeResolver
2025-06-15 09:54:09 [http-nio-8080-exec-1] DEBUG [o.s.web.servlet.DispatcherServlet] - Detected org.springframework.web.servlet.view.DefaultRequestToViewNameTranslator@7ec00f98
2025-06-15 09:54:09 [http-nio-8080-exec-1] DEBUG [o.s.web.servlet.DispatcherServlet] - Detected org.springframework.web.servlet.support.SessionFlashMapManager@7e3f4f0
2025-06-15 09:54:09 [http-nio-8080-exec-1] DEBUG [o.s.web.servlet.DispatcherServlet] - enableLoggingRequestDetails='false': request parameters and headers will be masked to prevent unsafe logging of potentially sensitive data
2025-06-15 09:54:09 [http-nio-8080-exec-1] INFO  [o.s.web.servlet.DispatcherServlet] - Completed initialization in 3 ms
2025-06-15 09:54:09 [http-nio-8080-exec-1] DEBUG [o.s.security.web.FilterChainProxy] - Securing GET /swagger-ui/index.html
2025-06-15 09:54:09 [http-nio-8080-exec-1] DEBUG [o.s.s.w.a.AnonymousAuthenticationFilter] - Set SecurityContextHolder to anonymous SecurityContext
2025-06-15 09:54:09 [http-nio-8080-exec-1] DEBUG [o.s.s.w.s.HttpSessionRequestCache] - Saved request http://localhost:8080/swagger-ui/index.html?continue to session
2025-06-15 09:54:09 [http-nio-8080-exec-1] DEBUG [o.s.s.w.a.DelegatingAuthenticationEntryPoint] - Trying to match using And [Not [RequestHeaderRequestMatcher [expectedHeaderName=X-Requested-With, expectedHeaderValue=XMLHttpRequest]], MediaTypeRequestMatcher [contentNegotiationStrategy=org.springframework.web.accept.ContentNegotiationManager@5fcaaf92, matchingMediaTypes=[application/xhtml+xml, image/*, text/html, text/plain], useEquals=false, ignoredMediaTypes=[*/*]]]
2025-06-15 09:54:09 [http-nio-8080-exec-1] DEBUG [o.s.s.w.a.DelegatingAuthenticationEntryPoint] - Match found! Executing org.springframework.security.web.authentication.LoginUrlAuthenticationEntryPoint@5e4168dd
2025-06-15 09:54:09 [http-nio-8080-exec-1] DEBUG [o.s.s.web.DefaultRedirectStrategy] - Redirecting to http://localhost:8080/login
2025-06-15 09:54:09 [http-nio-8080-exec-2] DEBUG [o.s.security.web.FilterChainProxy] - Securing GET /login
2025-06-15 09:54:09 [http-nio-8080-exec-3] DEBUG [o.s.security.web.FilterChainProxy] - Securing GET /default-ui.css
2025-06-15 09:54:09 [http-nio-8080-exec-4] DEBUG [o.s.security.web.FilterChainProxy] - Securing GET /favicon.ico
2025-06-15 09:54:09 [http-nio-8080-exec-4] DEBUG [o.s.s.w.a.AnonymousAuthenticationFilter] - Set SecurityContextHolder to anonymous SecurityContext
2025-06-15 09:54:09 [http-nio-8080-exec-4] DEBUG [o.s.s.w.a.DelegatingAuthenticationEntryPoint] - Trying to match using And [Not [RequestHeaderRequestMatcher [expectedHeaderName=X-Requested-With, expectedHeaderValue=XMLHttpRequest]], MediaTypeRequestMatcher [contentNegotiationStrategy=org.springframework.web.accept.ContentNegotiationManager@5fcaaf92, matchingMediaTypes=[application/xhtml+xml, image/*, text/html, text/plain], useEquals=false, ignoredMediaTypes=[*/*]]]
2025-06-15 09:54:09 [http-nio-8080-exec-4] DEBUG [o.s.s.w.a.DelegatingAuthenticationEntryPoint] - Match found! Executing org.springframework.security.web.authentication.LoginUrlAuthenticationEntryPoint@5e4168dd
2025-06-15 09:54:09 [http-nio-8080-exec-4] DEBUG [o.s.s.web.DefaultRedirectStrategy] - Redirecting to http://localhost:8080/login
2025-06-15 09:54:09 [http-nio-8080-exec-5] DEBUG [o.s.security.web.FilterChainProxy] - Securing GET /login
2025-06-15 10:02:47 [SpringApplicationShutdownHook] INFO  [o.s.b.w.e.tomcat.GracefulShutdown] - Commencing graceful shutdown. Waiting for active requests to complete
2025-06-15 10:02:47 [tomcat-shutdown] INFO  [o.s.b.w.e.tomcat.GracefulShutdown] - Graceful shutdown complete
2025-06-15 10:02:47 [SpringApplicationShutdownHook] INFO  [o.s.o.j.LocalContainerEntityManagerFactoryBean] - Closing JPA EntityManagerFactory for persistence unit 'default'
2025-06-15 10:02:47 [SpringApplicationShutdownHook] INFO  [com.zaxxer.hikari.HikariDataSource] - HikariPool-1 - Shutdown initiated...
2025-06-15 10:02:47 [SpringApplicationShutdownHook] INFO  [com.zaxxer.hikari.HikariDataSource] - HikariPool-1 - Shutdown completed.
2025-06-15 10:02:52 [background-preinit] INFO  [o.h.validator.internal.util.Version] - HV000001: Hibernate Validator 8.0.2.Final
2025-06-15 10:02:52 [main] INFO  [c.s.t.TaskManagerApplication] - Starting TaskManagerApplication using Java 17.0.13 with PID 4638 (/Users/fivesmac/Documents/Personal/task-manager/target/classes started by fivesmac in /Users/fivesmac/Documents/Personal/task-manager)
2025-06-15 10:02:52 [main] INFO  [c.s.t.TaskManagerApplication] - The following 1 profile is active: "dev"
2025-06-15 10:02:53 [main] INFO  [o.s.d.r.c.RepositoryConfigurationDelegate] - Bootstrapping Spring Data JPA repositories in DEFAULT mode.
2025-06-15 10:02:53 [main] INFO  [o.s.d.r.c.RepositoryConfigurationDelegate] - Finished Spring Data repository scanning in 35 ms. Found 1 JPA repository interface.
2025-06-15 10:02:53 [main] INFO  [o.s.b.w.e.tomcat.TomcatWebServer] - Tomcat initialized with port 8080 (http)
2025-06-15 10:02:53 [main] INFO  [o.a.coyote.http11.Http11NioProtocol] - Initializing ProtocolHandler ["http-nio-8080"]
2025-06-15 10:02:53 [main] INFO  [o.a.catalina.core.StandardService] - Starting service [Tomcat]
2025-06-15 10:02:53 [main] INFO  [o.a.catalina.core.StandardEngine] - Starting Servlet engine: [Apache Tomcat/10.1.41]
2025-06-15 10:02:53 [main] INFO  [o.a.c.c.C.[Tomcat].[localhost].[/]] - Initializing Spring embedded WebApplicationContext
2025-06-15 10:02:53 [main] INFO  [o.s.b.w.s.c.ServletWebServerApplicationContext] - Root WebApplicationContext: initialization completed in 1580 ms
2025-06-15 10:02:53 [main] DEBUG [o.s.w.f.ServerHttpObservationFilter] - Filter 'webMvcObservationFilter' configured for use
2025-06-15 10:02:54 [main] INFO  [o.h.jpa.internal.util.LogHelper] - HHH000204: Processing PersistenceUnitInfo [name: default]
2025-06-15 10:02:54 [main] INFO  [org.hibernate.Version] - HHH000412: Hibernate ORM core version 6.6.15.Final
2025-06-15 10:02:54 [main] INFO  [o.h.c.i.RegionFactoryInitiator] - HHH000026: Second-level cache disabled
2025-06-15 10:02:54 [main] INFO  [o.s.o.j.p.SpringPersistenceUnitInfo] - No LoadTimeWeaver setup: ignoring JPA class transformer
2025-06-15 10:02:54 [main] INFO  [com.zaxxer.hikari.HikariDataSource] - HikariPool-1 - Starting...
2025-06-15 10:02:54 [main] INFO  [com.zaxxer.hikari.pool.HikariPool] - HikariPool-1 - Added connection org.postgresql.jdbc.PgConnection@2d7aa291
2025-06-15 10:02:54 [main] INFO  [com.zaxxer.hikari.HikariDataSource] - HikariPool-1 - Start completed.
2025-06-15 10:02:54 [main] INFO  [o.hibernate.orm.connections.pooling] - HHH10001005: Database info:
	Database JDBC URL [Connecting through datasource 'HikariDataSource (HikariPool-1)']
	Database driver: undefined/unknown
	Database version: 15.13
	Autocommit mode: undefined/unknown
	Isolation level: undefined/unknown
	Minimum pool size: undefined/unknown
	Maximum pool size: undefined/unknown
2025-06-15 10:02:55 [main] INFO  [o.h.e.t.j.p.i.JtaPlatformInitiator] - HHH000489: No JTA platform available (set 'hibernate.transaction.jta.platform' to enable JTA platform integration)
2025-06-15 10:02:55 [main] INFO  [o.s.o.j.LocalContainerEntityManagerFactoryBean] - Initialized JPA EntityManagerFactory for persistence unit 'default'
2025-06-15 10:02:55 [main] INFO  [o.s.d.j.r.query.QueryEnhancerFactory] - Hibernate is in classpath; If applicable, HQL parser will be used.
2025-06-15 10:02:56 [main] WARN  [o.s.b.a.o.j.JpaBaseConfiguration$JpaWebConfiguration] - spring.jpa.open-in-view is enabled by default. Therefore, database queries may be performed during view rendering. Explicitly configure spring.jpa.open-in-view to disable this warning
2025-06-15 10:02:56 [main] DEBUG [o.s.w.s.m.m.a.RequestMappingHandlerMapping] - 25 mappings in 'requestMappingHandlerMapping'
2025-06-15 10:02:56 [main] DEBUG [o.s.w.s.h.SimpleUrlHandlerMapping] - Patterns [/webjars/**, /**, /swagger-ui*/*swagger-initializer.js, /swagger-ui*/**] in 'resourceHandlerMapping'
2025-06-15 10:02:56 [main] INFO  [o.s.b.a.e.web.EndpointLinksResolver] - Exposing 1 endpoint beneath base path '/actuator'
2025-06-15 10:02:56 [main] WARN  [o.s.b.a.s.s.UserDetailsServiceAutoConfiguration] - 

Using generated security password: bb9f856c-fce4-4a8c-8659-913908246c60

This generated password is for development use only. Your security configuration must be updated before running your application in production.

2025-06-15 10:02:56 [main] INFO  [o.s.s.c.a.a.c.InitializeUserDetailsBeanManagerConfigurer$InitializeUserDetailsManagerConfigurer] - Global AuthenticationManager configured with UserDetailsService bean with name inMemoryUserDetailsManager
2025-06-15 10:02:56 [main] DEBUG [o.s.s.web.DefaultSecurityFilterChain] - Will secure any request with filters: DisableEncodeUrlFilter, WebAsyncManagerIntegrationFilter, SecurityContextHolderFilter, HeaderWriterFilter, LogoutFilter, RequestCacheAwareFilter, SecurityContextHolderAwareRequestFilter, AnonymousAuthenticationFilter, ExceptionTranslationFilter, AuthorizationFilter
2025-06-15 10:02:57 [main] DEBUG [o.s.w.s.m.m.a.RequestMappingHandlerAdapter] - ControllerAdvice beans: 0 @ModelAttribute, 0 @InitBinder, 1 RequestBodyAdvice, 1 ResponseBodyAdvice
2025-06-15 10:02:57 [main] DEBUG [o.s.w.s.m.m.a.ExceptionHandlerExceptionResolver] - ControllerAdvice beans: 2 @ExceptionHandler, 1 ResponseBodyAdvice
2025-06-15 10:02:57 [main] INFO  [o.a.coyote.http11.Http11NioProtocol] - Starting ProtocolHandler ["http-nio-8080"]
2025-06-15 10:02:57 [main] INFO  [o.s.b.w.e.tomcat.TomcatWebServer] - Tomcat started on port 8080 (http) with context path '/'
2025-06-15 10:02:57 [main] INFO  [c.s.t.TaskManagerApplication] - Started TaskManagerApplication in 5.7 seconds (process running for 6.084)
2025-06-15 10:02:57 [main] WARN  [c.s.t.config.DevDataSeeder] - 🌱 Seeding development database...
2025-06-15 10:02:57 [main] INFO  [c.s.t.TaskManagerApplication] - Task Manager Application started successfully!
2025-06-15 10:03:23 [http-nio-8080-exec-1] INFO  [o.a.c.c.C.[Tomcat].[localhost].[/]] - Initializing Spring DispatcherServlet 'dispatcherServlet'
2025-06-15 10:03:23 [http-nio-8080-exec-1] INFO  [o.s.web.servlet.DispatcherServlet] - Initializing Servlet 'dispatcherServlet'
2025-06-15 10:03:23 [http-nio-8080-exec-1] DEBUG [o.s.web.servlet.DispatcherServlet] - Detected StandardServletMultipartResolver
2025-06-15 10:03:23 [http-nio-8080-exec-1] DEBUG [o.s.web.servlet.DispatcherServlet] - Detected AcceptHeaderLocaleResolver
2025-06-15 10:03:23 [http-nio-8080-exec-1] DEBUG [o.s.web.servlet.DispatcherServlet] - Detected FixedThemeResolver
2025-06-15 10:03:23 [http-nio-8080-exec-1] DEBUG [o.s.web.servlet.DispatcherServlet] - Detected org.springframework.web.servlet.view.DefaultRequestToViewNameTranslator@14fda568
2025-06-15 10:03:23 [http-nio-8080-exec-1] DEBUG [o.s.web.servlet.DispatcherServlet] - Detected org.springframework.web.servlet.support.SessionFlashMapManager@511d31a6
2025-06-15 10:03:23 [http-nio-8080-exec-1] DEBUG [o.s.web.servlet.DispatcherServlet] - enableLoggingRequestDetails='false': request parameters and headers will be masked to prevent unsafe logging of potentially sensitive data
2025-06-15 10:03:23 [http-nio-8080-exec-1] INFO  [o.s.web.servlet.DispatcherServlet] - Completed initialization in 3 ms
2025-06-15 10:03:23 [http-nio-8080-exec-1] DEBUG [o.s.security.web.FilterChainProxy] - Securing GET /swagger-ui/index.html
2025-06-15 10:03:23 [http-nio-8080-exec-1] DEBUG [o.s.security.web.FilterChainProxy] - Secured GET /swagger-ui/index.html
2025-06-15 10:03:23 [http-nio-8080-exec-1] DEBUG [o.s.web.servlet.DispatcherServlet] - GET "/swagger-ui/index.html", parameters={}
2025-06-15 10:03:23 [http-nio-8080-exec-1] DEBUG [o.s.w.s.h.SimpleUrlHandlerMapping] - Mapped to ResourceHttpRequestHandler [classpath [META-INF/resources/webjars/]]
2025-06-15 10:03:23 [http-nio-8080-exec-1] DEBUG [o.s.web.servlet.DispatcherServlet] - Completed 200 OK
2025-06-15 10:03:23 [http-nio-8080-exec-1] DEBUG [o.s.s.w.a.AnonymousAuthenticationFilter] - Set SecurityContextHolder to anonymous SecurityContext
2025-06-15 10:03:23 [http-nio-8080-exec-2] DEBUG [o.s.security.web.FilterChainProxy] - Securing GET /swagger-ui/swagger-ui.css
2025-06-15 10:03:23 [http-nio-8080-exec-2] DEBUG [o.s.security.web.FilterChainProxy] - Secured GET /swagger-ui/swagger-ui.css
2025-06-15 10:03:23 [http-nio-8080-exec-2] DEBUG [o.s.web.servlet.DispatcherServlet] - GET "/swagger-ui/swagger-ui.css", parameters={}
2025-06-15 10:03:23 [http-nio-8080-exec-2] DEBUG [o.s.w.s.h.SimpleUrlHandlerMapping] - Mapped to ResourceHttpRequestHandler [classpath [META-INF/resources/webjars/]]
2025-06-15 10:03:23 [http-nio-8080-exec-2] DEBUG [o.s.web.servlet.DispatcherServlet] - Completed 200 OK
2025-06-15 10:03:23 [http-nio-8080-exec-2] DEBUG [o.s.s.w.a.AnonymousAuthenticationFilter] - Set SecurityContextHolder to anonymous SecurityContext
2025-06-15 10:03:23 [http-nio-8080-exec-3] DEBUG [o.s.security.web.FilterChainProxy] - Securing GET /swagger-ui/index.css
2025-06-15 10:03:23 [http-nio-8080-exec-4] DEBUG [o.s.security.web.FilterChainProxy] - Securing GET /swagger-ui/swagger-ui-bundle.js
2025-06-15 10:03:23 [http-nio-8080-exec-5] DEBUG [o.s.security.web.FilterChainProxy] - Securing GET /swagger-ui/swagger-ui-standalone-preset.js
2025-06-15 10:03:23 [http-nio-8080-exec-6] DEBUG [o.s.security.web.FilterChainProxy] - Securing GET /swagger-ui/swagger-initializer.js
2025-06-15 10:03:23 [http-nio-8080-exec-4] DEBUG [o.s.security.web.FilterChainProxy] - Secured GET /swagger-ui/swagger-ui-bundle.js
2025-06-15 10:03:23 [http-nio-8080-exec-3] DEBUG [o.s.security.web.FilterChainProxy] - Secured GET /swagger-ui/index.css
2025-06-15 10:03:23 [http-nio-8080-exec-3] DEBUG [o.s.web.servlet.DispatcherServlet] - GET "/swagger-ui/index.css", parameters={}
2025-06-15 10:03:23 [http-nio-8080-exec-4] DEBUG [o.s.web.servlet.DispatcherServlet] - GET "/swagger-ui/swagger-ui-bundle.js", parameters={}
2025-06-15 10:03:23 [http-nio-8080-exec-5] DEBUG [o.s.security.web.FilterChainProxy] - Secured GET /swagger-ui/swagger-ui-standalone-preset.js
2025-06-15 10:03:23 [http-nio-8080-exec-5] DEBUG [o.s.web.servlet.DispatcherServlet] - GET "/swagger-ui/swagger-ui-standalone-preset.js", parameters={}
2025-06-15 10:03:23 [http-nio-8080-exec-6] DEBUG [o.s.security.web.FilterChainProxy] - Secured GET /swagger-ui/swagger-initializer.js
2025-06-15 10:03:23 [http-nio-8080-exec-4] DEBUG [o.s.w.s.h.SimpleUrlHandlerMapping] - Mapped to ResourceHttpRequestHandler [classpath [META-INF/resources/webjars/]]
2025-06-15 10:03:23 [http-nio-8080-exec-3] DEBUG [o.s.w.s.h.SimpleUrlHandlerMapping] - Mapped to ResourceHttpRequestHandler [classpath [META-INF/resources/webjars/]]
2025-06-15 10:03:23 [http-nio-8080-exec-6] DEBUG [o.s.web.servlet.DispatcherServlet] - GET "/swagger-ui/swagger-initializer.js", parameters={}
2025-06-15 10:03:23 [http-nio-8080-exec-5] DEBUG [o.s.w.s.h.SimpleUrlHandlerMapping] - Mapped to ResourceHttpRequestHandler [classpath [META-INF/resources/webjars/]]
2025-06-15 10:03:23 [http-nio-8080-exec-6] DEBUG [o.s.w.s.h.SimpleUrlHandlerMapping] - Mapped to ResourceHttpRequestHandler [classpath [META-INF/resources/webjars/]]
2025-06-15 10:03:23 [http-nio-8080-exec-3] DEBUG [o.s.web.servlet.DispatcherServlet] - Completed 200 OK
2025-06-15 10:03:23 [http-nio-8080-exec-3] DEBUG [o.s.s.w.a.AnonymousAuthenticationFilter] - Set SecurityContextHolder to anonymous SecurityContext
2025-06-15 10:03:23 [http-nio-8080-exec-5] DEBUG [o.s.web.servlet.DispatcherServlet] - Completed 200 OK
2025-06-15 10:03:23 [http-nio-8080-exec-5] DEBUG [o.s.s.w.a.AnonymousAuthenticationFilter] - Set SecurityContextHolder to anonymous SecurityContext
2025-06-15 10:03:23 [http-nio-8080-exec-4] DEBUG [o.s.web.servlet.DispatcherServlet] - Completed 200 OK
2025-06-15 10:03:23 [http-nio-8080-exec-4] DEBUG [o.s.s.w.a.AnonymousAuthenticationFilter] - Set SecurityContextHolder to anonymous SecurityContext
2025-06-15 10:03:23 [http-nio-8080-exec-6] DEBUG [o.s.web.servlet.DispatcherServlet] - Completed 200 OK
2025-06-15 10:03:23 [http-nio-8080-exec-6] DEBUG [o.s.s.w.a.AnonymousAuthenticationFilter] - Set SecurityContextHolder to anonymous SecurityContext
2025-06-15 10:03:23 [http-nio-8080-exec-7] DEBUG [o.s.security.web.FilterChainProxy] - Securing GET /api-docs/swagger-config
2025-06-15 10:03:23 [http-nio-8080-exec-8] DEBUG [o.s.security.web.FilterChainProxy] - Securing GET /swagger-ui/favicon-32x32.png
2025-06-15 10:03:23 [http-nio-8080-exec-7] DEBUG [o.s.security.web.FilterChainProxy] - Secured GET /api-docs/swagger-config
2025-06-15 10:03:23 [http-nio-8080-exec-7] DEBUG [o.s.web.servlet.DispatcherServlet] - GET "/api-docs/swagger-config", parameters={}
2025-06-15 10:03:23 [http-nio-8080-exec-8] DEBUG [o.s.security.web.FilterChainProxy] - Secured GET /swagger-ui/favicon-32x32.png
2025-06-15 10:03:23 [http-nio-8080-exec-7] DEBUG [o.s.w.s.m.m.a.RequestMappingHandlerMapping] - Mapped to org.springdoc.webmvc.ui.SwaggerConfigResource#openapiJson(HttpServletRequest)
2025-06-15 10:03:23 [http-nio-8080-exec-8] DEBUG [o.s.web.servlet.DispatcherServlet] - GET "/swagger-ui/favicon-32x32.png", parameters={}
2025-06-15 10:03:23 [http-nio-8080-exec-8] DEBUG [o.s.w.s.h.SimpleUrlHandlerMapping] - Mapped to ResourceHttpRequestHandler [classpath [META-INF/resources/webjars/]]
2025-06-15 10:03:23 [http-nio-8080-exec-8] DEBUG [o.s.web.servlet.DispatcherServlet] - Completed 200 OK
2025-06-15 10:03:23 [http-nio-8080-exec-8] DEBUG [o.s.s.w.a.AnonymousAuthenticationFilter] - Set SecurityContextHolder to anonymous SecurityContext
2025-06-15 10:03:23 [http-nio-8080-exec-7] DEBUG [o.s.w.s.m.m.a.RequestResponseBodyMethodProcessor] - Using 'application/json', given [*/*] and supported [application/json]
2025-06-15 10:03:23 [http-nio-8080-exec-7] DEBUG [o.s.w.s.m.m.a.RequestResponseBodyMethodProcessor] - Writing [{configUrl=/api-docs/swagger-config, oauth2RedirectUrl=http://localhost:8080/swagger-ui/oauth2-redir (truncated)...]
2025-06-15 10:03:23 [http-nio-8080-exec-7] DEBUG [o.s.web.servlet.DispatcherServlet] - Completed 200 OK
2025-06-15 10:03:23 [http-nio-8080-exec-7] DEBUG [o.s.s.w.a.AnonymousAuthenticationFilter] - Set SecurityContextHolder to anonymous SecurityContext
2025-06-15 10:03:23 [http-nio-8080-exec-9] DEBUG [o.s.security.web.FilterChainProxy] - Securing GET /api-docs
2025-06-15 10:03:23 [http-nio-8080-exec-9] DEBUG [o.s.security.web.FilterChainProxy] - Secured GET /api-docs
2025-06-15 10:03:23 [http-nio-8080-exec-9] DEBUG [o.s.web.servlet.DispatcherServlet] - GET "/api-docs", parameters={}
2025-06-15 10:03:23 [http-nio-8080-exec-9] DEBUG [o.s.w.s.m.m.a.RequestMappingHandlerMapping] - Mapped to org.springdoc.webmvc.api.OpenApiWebMvcResource#openapiJson(HttpServletRequest, String, Locale)
2025-06-15 10:03:24 [http-nio-8080-exec-9] INFO  [o.s.api.AbstractOpenApiResource] - Init duration for springdoc-openapi is: 464 ms
2025-06-15 10:03:24 [http-nio-8080-exec-9] DEBUG [o.s.w.s.m.m.a.RequestResponseBodyMethodProcessor] - Using 'application/json', given [application/json, */*] and supported [application/json]
2025-06-15 10:03:24 [http-nio-8080-exec-9] DEBUG [o.s.w.s.m.m.a.RequestResponseBodyMethodProcessor] - Writing [{123, 34, 111, 112, 101, 110, 97, 112, 105, 34, 58, 34, 51, 46, 49, 46, 48, 34, 44, 34, 105, 110, 10 (truncated)...]
2025-06-15 10:03:24 [http-nio-8080-exec-9] DEBUG [o.s.web.servlet.DispatcherServlet] - Completed 200 OK
2025-06-15 10:03:24 [http-nio-8080-exec-9] DEBUG [o.s.s.w.a.AnonymousAuthenticationFilter] - Set SecurityContextHolder to anonymous SecurityContext
2025-06-15 10:04:51 [http-nio-8080-exec-5] DEBUG [o.s.security.web.FilterChainProxy] - Securing GET /v3/api-docs
2025-06-15 10:04:51 [http-nio-8080-exec-5] DEBUG [o.s.security.web.FilterChainProxy] - Secured GET /v3/api-docs
2025-06-15 10:04:51 [http-nio-8080-exec-5] DEBUG [o.s.web.servlet.DispatcherServlet] - GET "/v3/api-docs", parameters={}
2025-06-15 10:04:51 [http-nio-8080-exec-5] DEBUG [o.s.w.s.h.SimpleUrlHandlerMapping] - Mapped to ResourceHttpRequestHandler [classpath [META-INF/resources/], classpath [resources/], classpath [static/], classpath [public/], ServletContext [/]]
2025-06-15 10:04:51 [http-nio-8080-exec-5] DEBUG [o.s.w.s.r.ResourceHttpRequestHandler] - Resource not found
2025-06-15 10:04:51 [http-nio-8080-exec-5] DEBUG [o.s.w.s.m.m.a.ExceptionHandlerExceptionResolver] - Using @ExceptionHandler com.sourabh.task_manager.util.GlobalExceptionHandler#handleGlobalException(Exception, WebRequest)
2025-06-15 10:04:51 [http-nio-8080-exec-5] DEBUG [o.s.w.s.m.m.a.HttpEntityMethodProcessor] - Using 'application/json;q=0.8', given [text/html, application/xhtml+xml, image/avif, image/webp, image/apng, application/xml;q=0.9, */*;q=0.8, application/signed-exchange;v=b3;q=0.7] and supported [application/json, application/*+json, application/yaml]
2025-06-15 10:04:51 [http-nio-8080-exec-5] DEBUG [o.s.w.s.m.m.a.HttpEntityMethodProcessor] - Writing [com.sourabh.task_manager.util.ErrorResponse@7abbbf1e]
2025-06-15 10:04:51 [http-nio-8080-exec-5] DEBUG [o.s.w.s.m.m.a.ExceptionHandlerExceptionResolver] - Resolved [org.springframework.web.servlet.resource.NoResourceFoundException: No static resource v3/api-docs.]
2025-06-15 10:04:51 [http-nio-8080-exec-5] DEBUG [o.s.web.servlet.DispatcherServlet] - Completed 500 INTERNAL_SERVER_ERROR
2025-06-15 10:04:51 [http-nio-8080-exec-5] DEBUG [o.s.s.w.a.AnonymousAuthenticationFilter] - Set SecurityContextHolder to anonymous SecurityContext
2025-06-15 10:04:51 [http-nio-8080-exec-4] DEBUG [o.s.security.web.FilterChainProxy] - Securing GET /favicon.ico
2025-06-15 10:04:51 [http-nio-8080-exec-4] DEBUG [o.s.security.web.FilterChainProxy] - Secured GET /favicon.ico
2025-06-15 10:04:51 [http-nio-8080-exec-4] DEBUG [o.s.web.servlet.DispatcherServlet] - GET "/favicon.ico", parameters={}
2025-06-15 10:04:51 [http-nio-8080-exec-4] DEBUG [o.s.w.s.h.SimpleUrlHandlerMapping] - Mapped to ResourceHttpRequestHandler [classpath [META-INF/resources/], classpath [resources/], classpath [static/], classpath [public/], ServletContext [/]]
2025-06-15 10:04:51 [http-nio-8080-exec-4] DEBUG [o.s.w.s.r.ResourceHttpRequestHandler] - Resource not found
2025-06-15 10:04:51 [http-nio-8080-exec-4] DEBUG [o.s.w.s.m.m.a.ExceptionHandlerExceptionResolver] - Using @ExceptionHandler com.sourabh.task_manager.util.GlobalExceptionHandler#handleGlobalException(Exception, WebRequest)
2025-06-15 10:04:51 [http-nio-8080-exec-4] DEBUG [o.s.w.s.m.m.a.HttpEntityMethodProcessor] - Using 'application/json;q=0.8', given [image/avif, image/webp, image/apng, image/svg+xml, image/*, */*;q=0.8] and supported [application/json, application/*+json, application/yaml]
2025-06-15 10:04:51 [http-nio-8080-exec-4] DEBUG [o.s.w.s.m.m.a.HttpEntityMethodProcessor] - Writing [com.sourabh.task_manager.util.ErrorResponse@2ea763f2]
2025-06-15 10:04:51 [http-nio-8080-exec-4] DEBUG [o.s.w.s.m.m.a.ExceptionHandlerExceptionResolver] - Resolved [org.springframework.web.servlet.resource.NoResourceFoundException: No static resource favicon.ico.]
2025-06-15 10:04:51 [http-nio-8080-exec-4] DEBUG [o.s.web.servlet.DispatcherServlet] - Completed 500 INTERNAL_SERVER_ERROR
2025-06-15 10:04:51 [http-nio-8080-exec-4] DEBUG [o.s.s.w.a.AnonymousAuthenticationFilter] - Set SecurityContextHolder to anonymous SecurityContext
2025-06-15 10:09:13 [SpringApplicationShutdownHook] INFO  [o.s.b.w.e.tomcat.GracefulShutdown] - Commencing graceful shutdown. Waiting for active requests to complete
2025-06-15 10:09:13 [tomcat-shutdown] INFO  [o.s.b.w.e.tomcat.GracefulShutdown] - Graceful shutdown complete
2025-06-15 10:09:13 [SpringApplicationShutdownHook] INFO  [o.s.o.j.LocalContainerEntityManagerFactoryBean] - Closing JPA EntityManagerFactory for persistence unit 'default'
2025-06-15 10:09:13 [SpringApplicationShutdownHook] INFO  [com.zaxxer.hikari.HikariDataSource] - HikariPool-1 - Shutdown initiated...
2025-06-15 10:09:13 [SpringApplicationShutdownHook] INFO  [com.zaxxer.hikari.HikariDataSource] - HikariPool-1 - Shutdown completed.
2025-06-15 10:09:19 [background-preinit] INFO  [o.h.validator.internal.util.Version] - HV000001: Hibernate Validator 8.0.2.Final
2025-06-15 10:09:19 [main] INFO  [c.s.t.TaskManagerApplication] - Starting TaskManagerApplication using Java 17.0.13 with PID 4775 (/Users/fivesmac/Documents/Personal/task-manager/target/classes started by fivesmac in /Users/fivesmac/Documents/Personal/task-manager)
2025-06-15 10:09:19 [main] INFO  [c.s.t.TaskManagerApplication] - The following 1 profile is active: "dev"
2025-06-15 10:09:20 [main] INFO  [o.s.d.r.c.RepositoryConfigurationDelegate] - Bootstrapping Spring Data JPA repositories in DEFAULT mode.
2025-06-15 10:09:20 [main] INFO  [o.s.d.r.c.RepositoryConfigurationDelegate] - Finished Spring Data repository scanning in 52 ms. Found 1 JPA repository interface.
2025-06-15 10:09:20 [main] INFO  [o.s.b.w.e.tomcat.TomcatWebServer] - Tomcat initialized with port 8080 (http)
2025-06-15 10:09:20 [main] INFO  [o.a.coyote.http11.Http11NioProtocol] - Initializing ProtocolHandler ["http-nio-8080"]
2025-06-15 10:09:20 [main] INFO  [o.a.catalina.core.StandardService] - Starting service [Tomcat]
2025-06-15 10:09:20 [main] INFO  [o.a.catalina.core.StandardEngine] - Starting Servlet engine: [Apache Tomcat/10.1.41]
2025-06-15 10:09:20 [main] INFO  [o.a.c.c.C.[Tomcat].[localhost].[/]] - Initializing Spring embedded WebApplicationContext
2025-06-15 10:09:20 [main] INFO  [o.s.b.w.s.c.ServletWebServerApplicationContext] - Root WebApplicationContext: initialization completed in 1556 ms
2025-06-15 10:09:20 [main] DEBUG [o.s.w.f.ServerHttpObservationFilter] - Filter 'webMvcObservationFilter' configured for use
2025-06-15 10:09:21 [main] INFO  [o.h.jpa.internal.util.LogHelper] - HHH000204: Processing PersistenceUnitInfo [name: default]
2025-06-15 10:09:21 [main] INFO  [org.hibernate.Version] - HHH000412: Hibernate ORM core version 6.6.15.Final
2025-06-15 10:09:21 [main] INFO  [o.h.c.i.RegionFactoryInitiator] - HHH000026: Second-level cache disabled
2025-06-15 10:09:21 [main] INFO  [o.s.o.j.p.SpringPersistenceUnitInfo] - No LoadTimeWeaver setup: ignoring JPA class transformer
2025-06-15 10:09:21 [main] INFO  [com.zaxxer.hikari.HikariDataSource] - HikariPool-1 - Starting...
2025-06-15 10:09:21 [main] INFO  [com.zaxxer.hikari.pool.HikariPool] - HikariPool-1 - Added connection org.postgresql.jdbc.PgConnection@3df3410a
2025-06-15 10:09:21 [main] INFO  [com.zaxxer.hikari.HikariDataSource] - HikariPool-1 - Start completed.
2025-06-15 10:09:21 [main] INFO  [o.hibernate.orm.connections.pooling] - HHH10001005: Database info:
	Database JDBC URL [Connecting through datasource 'HikariDataSource (HikariPool-1)']
	Database driver: undefined/unknown
	Database version: 15.13
	Autocommit mode: undefined/unknown
	Isolation level: undefined/unknown
	Minimum pool size: undefined/unknown
	Maximum pool size: undefined/unknown
2025-06-15 10:09:22 [main] INFO  [o.h.e.t.j.p.i.JtaPlatformInitiator] - HHH000489: No JTA platform available (set 'hibernate.transaction.jta.platform' to enable JTA platform integration)
2025-06-15 10:09:22 [main] INFO  [o.s.o.j.LocalContainerEntityManagerFactoryBean] - Initialized JPA EntityManagerFactory for persistence unit 'default'
2025-06-15 10:09:22 [main] INFO  [o.s.d.j.r.query.QueryEnhancerFactory] - Hibernate is in classpath; If applicable, HQL parser will be used.
2025-06-15 10:09:23 [main] WARN  [o.s.b.a.o.j.JpaBaseConfiguration$JpaWebConfiguration] - spring.jpa.open-in-view is enabled by default. Therefore, database queries may be performed during view rendering. Explicitly configure spring.jpa.open-in-view to disable this warning
2025-06-15 10:09:23 [main] DEBUG [o.s.w.s.m.m.a.RequestMappingHandlerMapping] - 25 mappings in 'requestMappingHandlerMapping'
2025-06-15 10:09:23 [main] DEBUG [o.s.w.s.h.SimpleUrlHandlerMapping] - Patterns [/webjars/**, /**, /swagger-ui*/*swagger-initializer.js, /swagger-ui*/**] in 'resourceHandlerMapping'
2025-06-15 10:09:24 [main] INFO  [o.s.b.a.e.web.EndpointLinksResolver] - Exposing 1 endpoint beneath base path '/actuator'
2025-06-15 10:09:24 [main] WARN  [o.s.b.a.s.s.UserDetailsServiceAutoConfiguration] - 

Using generated security password: c856bd18-e9ea-4b50-aebd-06b5bc94632c

This generated password is for development use only. Your security configuration must be updated before running your application in production.

2025-06-15 10:09:24 [main] INFO  [o.s.s.c.a.a.c.InitializeUserDetailsBeanManagerConfigurer$InitializeUserDetailsManagerConfigurer] - Global AuthenticationManager configured with UserDetailsService bean with name inMemoryUserDetailsManager
2025-06-15 10:09:24 [main] DEBUG [o.s.s.web.DefaultSecurityFilterChain] - Will secure any request with filters: DisableEncodeUrlFilter, WebAsyncManagerIntegrationFilter, SecurityContextHolderFilter, HeaderWriterFilter, LogoutFilter, RequestCacheAwareFilter, SecurityContextHolderAwareRequestFilter, AnonymousAuthenticationFilter, ExceptionTranslationFilter, AuthorizationFilter
2025-06-15 10:09:24 [main] DEBUG [o.s.w.s.m.m.a.RequestMappingHandlerAdapter] - ControllerAdvice beans: 0 @ModelAttribute, 0 @InitBinder, 1 RequestBodyAdvice, 1 ResponseBodyAdvice
2025-06-15 10:09:24 [main] DEBUG [o.s.w.s.m.m.a.ExceptionHandlerExceptionResolver] - ControllerAdvice beans: 2 @ExceptionHandler, 1 ResponseBodyAdvice
2025-06-15 10:09:24 [main] INFO  [o.a.coyote.http11.Http11NioProtocol] - Starting ProtocolHandler ["http-nio-8080"]
2025-06-15 10:09:24 [main] INFO  [o.s.b.w.e.tomcat.TomcatWebServer] - Tomcat started on port 8080 (http) with context path '/'
2025-06-15 10:09:24 [main] INFO  [c.s.t.TaskManagerApplication] - Started TaskManagerApplication in 5.771 seconds (process running for 6.101)
2025-06-15 10:09:24 [main] WARN  [c.s.t.config.DevDataSeeder] - 🌱 Seeding development database...
2025-06-15 10:09:24 [main] INFO  [c.s.t.TaskManagerApplication] - Task Manager Application started successfully!
2025-06-15 10:09:28 [http-nio-8080-exec-1] INFO  [o.a.c.c.C.[Tomcat].[localhost].[/]] - Initializing Spring DispatcherServlet 'dispatcherServlet'
2025-06-15 10:09:28 [http-nio-8080-exec-1] INFO  [o.s.web.servlet.DispatcherServlet] - Initializing Servlet 'dispatcherServlet'
2025-06-15 10:09:28 [http-nio-8080-exec-1] DEBUG [o.s.web.servlet.DispatcherServlet] - Detected StandardServletMultipartResolver
2025-06-15 10:09:28 [http-nio-8080-exec-1] DEBUG [o.s.web.servlet.DispatcherServlet] - Detected AcceptHeaderLocaleResolver
2025-06-15 10:09:28 [http-nio-8080-exec-1] DEBUG [o.s.web.servlet.DispatcherServlet] - Detected FixedThemeResolver
2025-06-15 10:09:28 [http-nio-8080-exec-1] DEBUG [o.s.web.servlet.DispatcherServlet] - Detected org.springframework.web.servlet.view.DefaultRequestToViewNameTranslator@749635e9
2025-06-15 10:09:28 [http-nio-8080-exec-1] DEBUG [o.s.web.servlet.DispatcherServlet] - Detected org.springframework.web.servlet.support.SessionFlashMapManager@726e3907
2025-06-15 10:09:28 [http-nio-8080-exec-1] DEBUG [o.s.web.servlet.DispatcherServlet] - enableLoggingRequestDetails='false': request parameters and headers will be masked to prevent unsafe logging of potentially sensitive data
2025-06-15 10:09:28 [http-nio-8080-exec-1] INFO  [o.s.web.servlet.DispatcherServlet] - Completed initialization in 2 ms
2025-06-15 10:09:28 [http-nio-8080-exec-1] DEBUG [o.s.security.web.FilterChainProxy] - Securing GET /v3/api-docs
2025-06-15 10:09:28 [http-nio-8080-exec-1] DEBUG [o.s.security.web.FilterChainProxy] - Secured GET /v3/api-docs
2025-06-15 10:09:28 [http-nio-8080-exec-1] DEBUG [o.s.web.servlet.DispatcherServlet] - GET "/v3/api-docs", parameters={}
2025-06-15 10:09:28 [http-nio-8080-exec-1] DEBUG [o.s.w.s.h.SimpleUrlHandlerMapping] - Mapped to ResourceHttpRequestHandler [classpath [META-INF/resources/], classpath [resources/], classpath [static/], classpath [public/], ServletContext [/]]
2025-06-15 10:09:28 [http-nio-8080-exec-1] DEBUG [o.s.w.s.r.ResourceHttpRequestHandler] - Resource not found
2025-06-15 10:09:28 [http-nio-8080-exec-1] DEBUG [o.s.w.s.m.m.a.ExceptionHandlerExceptionResolver] - Using @ExceptionHandler com.sourabh.task_manager.util.GlobalExceptionHandler#handleGlobalException(Exception, WebRequest)
2025-06-15 10:09:28 [http-nio-8080-exec-1] DEBUG [o.s.w.s.m.m.a.HttpEntityMethodProcessor] - Using 'application/json;q=0.8', given [text/html, application/xhtml+xml, image/avif, image/webp, image/apng, application/xml;q=0.9, */*;q=0.8, application/signed-exchange;v=b3;q=0.7] and supported [application/json, application/*+json, application/yaml]
2025-06-15 10:09:28 [http-nio-8080-exec-1] DEBUG [o.s.w.s.m.m.a.HttpEntityMethodProcessor] - Writing [com.sourabh.task_manager.util.ErrorResponse@337fd129]
2025-06-15 10:09:28 [http-nio-8080-exec-1] DEBUG [o.s.w.s.m.m.a.ExceptionHandlerExceptionResolver] - Resolved [org.springframework.web.servlet.resource.NoResourceFoundException: No static resource v3/api-docs.]
2025-06-15 10:09:28 [http-nio-8080-exec-1] DEBUG [o.s.web.servlet.DispatcherServlet] - Completed 500 INTERNAL_SERVER_ERROR
2025-06-15 10:09:28 [http-nio-8080-exec-1] DEBUG [o.s.s.w.a.AnonymousAuthenticationFilter] - Set SecurityContextHolder to anonymous SecurityContext
2025-06-15 10:09:28 [http-nio-8080-exec-2] DEBUG [o.s.security.web.FilterChainProxy] - Securing GET /favicon.ico
2025-06-15 10:09:28 [http-nio-8080-exec-2] DEBUG [o.s.security.web.FilterChainProxy] - Secured GET /favicon.ico
2025-06-15 10:09:28 [http-nio-8080-exec-2] DEBUG [o.s.web.servlet.DispatcherServlet] - GET "/favicon.ico", parameters={}
2025-06-15 10:09:28 [http-nio-8080-exec-2] DEBUG [o.s.w.s.h.SimpleUrlHandlerMapping] - Mapped to ResourceHttpRequestHandler [classpath [META-INF/resources/], classpath [resources/], classpath [static/], classpath [public/], ServletContext [/]]
2025-06-15 10:09:28 [http-nio-8080-exec-2] DEBUG [o.s.w.s.r.ResourceHttpRequestHandler] - Resource not found
2025-06-15 10:09:28 [http-nio-8080-exec-2] DEBUG [o.s.w.s.m.m.a.ExceptionHandlerExceptionResolver] - Using @ExceptionHandler com.sourabh.task_manager.util.GlobalExceptionHandler#handleGlobalException(Exception, WebRequest)
2025-06-15 10:09:28 [http-nio-8080-exec-2] DEBUG [o.s.w.s.m.m.a.HttpEntityMethodProcessor] - Using 'application/json;q=0.8', given [image/avif, image/webp, image/apng, image/svg+xml, image/*, */*;q=0.8] and supported [application/json, application/*+json, application/yaml]
2025-06-15 10:09:28 [http-nio-8080-exec-2] DEBUG [o.s.w.s.m.m.a.HttpEntityMethodProcessor] - Writing [com.sourabh.task_manager.util.ErrorResponse@62227e68]
2025-06-15 10:09:28 [http-nio-8080-exec-2] DEBUG [o.s.w.s.m.m.a.ExceptionHandlerExceptionResolver] - Resolved [org.springframework.web.servlet.resource.NoResourceFoundException: No static resource favicon.ico.]
2025-06-15 10:09:28 [http-nio-8080-exec-2] DEBUG [o.s.web.servlet.DispatcherServlet] - Completed 500 INTERNAL_SERVER_ERROR
2025-06-15 10:09:28 [http-nio-8080-exec-2] DEBUG [o.s.s.w.a.AnonymousAuthenticationFilter] - Set SecurityContextHolder to anonymous SecurityContext
2025-06-15 10:10:47 [http-nio-8080-exec-3] DEBUG [o.s.security.web.FilterChainProxy] - Securing POST /api/users/register
2025-06-15 10:10:47 [http-nio-8080-exec-3] DEBUG [o.s.security.web.FilterChainProxy] - Secured POST /api/users/register
2025-06-15 10:10:47 [http-nio-8080-exec-3] DEBUG [o.s.web.servlet.DispatcherServlet] - POST "/api/users/register", parameters={}
2025-06-15 10:10:47 [http-nio-8080-exec-3] DEBUG [o.s.w.s.m.m.a.RequestMappingHandlerMapping] - Mapped to com.sourabh.task_manager.controller.UserController#registerUser(UserRegistrationDTO)
2025-06-15 10:10:47 [http-nio-8080-exec-3] DEBUG [o.s.w.s.m.m.a.RequestResponseBodyMethodProcessor] - Read "application/json;charset=UTF-8" to [com.sourabh.task_manager.dto.request.UserRegistrationDTO@22c5fb2e]
2025-06-15 10:10:48 [http-nio-8080-exec-3] DEBUG [org.hibernate.SQL] - 
    select
        ue1_0.id 
    from
        users ue1_0 
    where
        ue1_0.username=? 
    fetch
        first ? rows only
2025-06-15 10:10:48 [http-nio-8080-exec-3] DEBUG [org.hibernate.SQL] - 
    select
        ue1_0.id 
    from
        users ue1_0 
    where
        ue1_0.email=? 
    fetch
        first ? rows only
2025-06-15 10:10:48 [http-nio-8080-exec-3] DEBUG [org.hibernate.SQL] - 
    insert 
    into
        users
        (created_at, email, first_name, is_active, is_email_verified, last_login, last_name, password, phone_number, role, updated_at, username) 
    values
        (?, ?, ?, ?, ?, ?, ?, ?, ?, ?, ?, ?)
2025-06-15 10:10:48 [http-nio-8080-exec-3] DEBUG [o.s.w.s.m.m.a.HttpEntityMethodProcessor] - Using 'application/json', given [*/*] and supported [application/json, application/*+json, application/yaml]
2025-06-15 10:10:48 [http-nio-8080-exec-3] DEBUG [o.s.w.s.m.m.a.HttpEntityMethodProcessor] - Writing [com.sourabh.task_manager.util.ApiResponse@7b583cc3]
2025-06-15 10:10:48 [http-nio-8080-exec-3] DEBUG [o.s.web.servlet.DispatcherServlet] - Completed 201 CREATED
2025-06-15 10:10:48 [http-nio-8080-exec-3] DEBUG [o.s.s.w.a.AnonymousAuthenticationFilter] - Set SecurityContextHolder to anonymous SecurityContext
